0 info it worked if it ends with ok
1 verbose cli [ '/Users/shaogucheng/.nvm/v0.10.3/bin/node',
1 verbose cli   '/Users/shaogucheng/.nvm/v0.10.3/bin/npm',
1 verbose cli   'install' ]
2 info using npm@1.2.17
3 info using node@v0.10.3
4 verbose read json /Users/shaogucheng/Desktop/code/yideng/yideng-book/package.json
5 verbose readDependencies using package.json deps
6 verbose install where, deps [ '/Users/shaogucheng/Desktop/code/yideng/yideng-book',
6 verbose install   [ 'co',
6 verbose install     'cross-env',
6 verbose install     'koa',
6 verbose install     'koa-simple-router',
6 verbose install     'koa-swig',
6 verbose install     'lodash',
6 verbose install     'log4js',
6 verbose install     '@babel/cli',
6 verbose install     '@babel/core',
6 verbose install     '@babel/preset-env',
6 verbose install     'jsdoc',
6 verbose install     'koa-static',
6 verbose install     'node-fetch' ] ]
7 verbose from cache /Users/shaogucheng/Desktop/code/yideng/yideng-book/package.json
8 info preinstall yideng-book@1.0.0
9 verbose read json /Users/shaogucheng/Desktop/code/yideng/yideng-book/node_modules/@babel/package.json
10 verbose read json /Users/shaogucheng/Desktop/code/yideng/yideng-book/node_modules/accepts/package.json
11 verbose read json /Users/shaogucheng/Desktop/code/yideng/yideng-book/node_modules/align-text/package.json
12 verbose read json /Users/shaogucheng/Desktop/code/yideng/yideng-book/node_modules/ansi-regex/package.json
13 verbose read json /Users/shaogucheng/Desktop/code/yideng/yideng-book/node_modules/ansi-styles/package.json
14 verbose read json /Users/shaogucheng/Desktop/code/yideng/yideng-book/node_modules/any-promise/package.json
15 verbose read json /Users/shaogucheng/Desktop/code/yideng/yideng-book/node_modules/anymatch/package.json
16 verbose read json /Users/shaogucheng/Desktop/code/yideng/yideng-book/node_modules/arr-diff/package.json
17 verbose read json /Users/shaogucheng/Desktop/code/yideng/yideng-book/node_modules/arr-flatten/package.json
18 verbose read json /Users/shaogucheng/Desktop/code/yideng/yideng-book/node_modules/arr-union/package.json
19 verbose read json /Users/shaogucheng/Desktop/code/yideng/yideng-book/node_modules/array-unique/package.json
20 verbose read json /Users/shaogucheng/Desktop/code/yideng/yideng-book/node_modules/assign-symbols/package.json
21 verbose read json /Users/shaogucheng/Desktop/code/yideng/yideng-book/node_modules/async/package.json
22 verbose read json /Users/shaogucheng/Desktop/code/yideng/yideng-book/node_modules/async-each/package.json
23 verbose read json /Users/shaogucheng/Desktop/code/yideng/yideng-book/node_modules/atob/package.json
24 verbose read json /Users/shaogucheng/Desktop/code/yideng/yideng-book/node_modules/babylon/package.json
25 verbose read json /Users/shaogucheng/Desktop/code/yideng/yideng-book/node_modules/balanced-match/package.json
26 verbose read json /Users/shaogucheng/Desktop/code/yideng/yideng-book/node_modules/base/package.json
27 verbose read json /Users/shaogucheng/Desktop/code/yideng/yideng-book/node_modules/binary-extensions/package.json
28 verbose read json /Users/shaogucheng/Desktop/code/yideng/yideng-book/node_modules/bluebird/package.json
29 verbose read json /Users/shaogucheng/Desktop/code/yideng/yideng-book/node_modules/brace-expansion/package.json
30 verbose read json /Users/shaogucheng/Desktop/code/yideng/yideng-book/node_modules/braces/package.json
31 verbose read json /Users/shaogucheng/Desktop/code/yideng/yideng-book/node_modules/browserslist/package.json
32 verbose read json /Users/shaogucheng/Desktop/code/yideng/yideng-book/node_modules/cache-base/package.json
33 verbose read json /Users/shaogucheng/Desktop/code/yideng/yideng-book/node_modules/cache-content-type/package.json
34 verbose read json /Users/shaogucheng/Desktop/code/yideng/yideng-book/node_modules/camelcase/package.json
35 verbose read json /Users/shaogucheng/Desktop/code/yideng/yideng-book/node_modules/caniuse-lite/package.json
36 verbose read json /Users/shaogucheng/Desktop/code/yideng/yideng-book/node_modules/catharsis/package.json
37 verbose read json /Users/shaogucheng/Desktop/code/yideng/yideng-book/node_modules/center-align/package.json
38 verbose read json /Users/shaogucheng/Desktop/code/yideng/yideng-book/node_modules/chalk/package.json
39 verbose read json /Users/shaogucheng/Desktop/code/yideng/yideng-book/node_modules/chokidar/package.json
40 verbose read json /Users/shaogucheng/Desktop/code/yideng/yideng-book/node_modules/class-utils/package.json
41 verbose read json /Users/shaogucheng/Desktop/code/yideng/yideng-book/node_modules/cli-table3/package.json
42 verbose read json /Users/shaogucheng/Desktop/code/yideng/yideng-book/node_modules/cliui/package.json
43 verbose read json /Users/shaogucheng/Desktop/code/yideng/yideng-book/node_modules/co/package.json
44 verbose read json /Users/shaogucheng/Desktop/code/yideng/yideng-book/node_modules/code-point-at/package.json
45 verbose read json /Users/shaogucheng/Desktop/code/yideng/yideng-book/node_modules/collection-visit/package.json
46 verbose read json /Users/shaogucheng/Desktop/code/yideng/yideng-book/node_modules/color-convert/package.json
47 verbose read json /Users/shaogucheng/Desktop/code/yideng/yideng-book/node_modules/color-name/package.json
48 verbose read json /Users/shaogucheng/Desktop/code/yideng/yideng-book/node_modules/colors/package.json
49 verbose read json /Users/shaogucheng/Desktop/code/yideng/yideng-book/node_modules/commander/package.json
50 verbose read json /Users/shaogucheng/Desktop/code/yideng/yideng-book/node_modules/component-emitter/package.json
51 verbose read json /Users/shaogucheng/Desktop/code/yideng/yideng-book/node_modules/concat-map/package.json
52 verbose read json /Users/shaogucheng/Desktop/code/yideng/yideng-book/node_modules/content-disposition/package.json
53 verbose read json /Users/shaogucheng/Desktop/code/yideng/yideng-book/node_modules/content-type/package.json
54 verbose read json /Users/shaogucheng/Desktop/code/yideng/yideng-book/node_modules/convert-source-map/package.json
55 verbose read json /Users/shaogucheng/Desktop/code/yideng/yideng-book/node_modules/cookies/package.json
56 verbose read json /Users/shaogucheng/Desktop/code/yideng/yideng-book/node_modules/copy-descriptor/package.json
57 verbose read json /Users/shaogucheng/Desktop/code/yideng/yideng-book/node_modules/core-util-is/package.json
58 verbose read json /Users/shaogucheng/Desktop/code/yideng/yideng-book/node_modules/cross-env/package.json
59 verbose read json /Users/shaogucheng/Desktop/code/yideng/yideng-book/node_modules/cross-spawn/package.json
60 verbose read json /Users/shaogucheng/Desktop/code/yideng/yideng-book/node_modules/date-format/package.json
61 verbose read json /Users/shaogucheng/Desktop/code/yideng/yideng-book/node_modules/debug/package.json
62 verbose read json /Users/shaogucheng/Desktop/code/yideng/yideng-book/node_modules/decamelize/package.json
63 verbose read json /Users/shaogucheng/Desktop/code/yideng/yideng-book/node_modules/decode-uri-component/package.json
64 verbose read json /Users/shaogucheng/Desktop/code/yideng/yideng-book/node_modules/deep-equal/package.json
65 verbose read json /Users/shaogucheng/Desktop/code/yideng/yideng-book/node_modules/define-property/package.json
66 verbose read json /Users/shaogucheng/Desktop/code/yideng/yideng-book/node_modules/delegates/package.json
67 verbose read json /Users/shaogucheng/Desktop/code/yideng/yideng-book/node_modules/depd/package.json
68 verbose read json /Users/shaogucheng/Desktop/code/yideng/yideng-book/node_modules/destroy/package.json
69 verbose read json /Users/shaogucheng/Desktop/code/yideng/yideng-book/node_modules/ee-first/package.json
70 verbose read json /Users/shaogucheng/Desktop/code/yideng/yideng-book/node_modules/electron-to-chromium/package.json
71 verbose read json /Users/shaogucheng/Desktop/code/yideng/yideng-book/node_modules/end-of-stream/package.json
72 verbose read json /Users/shaogucheng/Desktop/code/yideng/yideng-book/node_modules/error-inject/package.json
73 verbose read json /Users/shaogucheng/Desktop/code/yideng/yideng-book/node_modules/escape-html/package.json
74 verbose read json /Users/shaogucheng/Desktop/code/yideng/yideng-book/node_modules/escape-string-regexp/package.json
75 verbose read json /Users/shaogucheng/Desktop/code/yideng/yideng-book/node_modules/esutils/package.json
76 verbose read json /Users/shaogucheng/Desktop/code/yideng/yideng-book/node_modules/execa/package.json
77 verbose read json /Users/shaogucheng/Desktop/code/yideng/yideng-book/node_modules/expand-brackets/package.json
78 verbose read json /Users/shaogucheng/Desktop/code/yideng/yideng-book/node_modules/extend-shallow/package.json
79 verbose read json /Users/shaogucheng/Desktop/code/yideng/yideng-book/node_modules/extglob/package.json
80 verbose read json /Users/shaogucheng/Desktop/code/yideng/yideng-book/node_modules/fill-range/package.json
81 verbose read json /Users/shaogucheng/Desktop/code/yideng/yideng-book/node_modules/find-up/package.json
82 verbose read json /Users/shaogucheng/Desktop/code/yideng/yideng-book/node_modules/flatted/package.json
83 verbose read json /Users/shaogucheng/Desktop/code/yideng/yideng-book/node_modules/for-in/package.json
84 verbose read json /Users/shaogucheng/Desktop/code/yideng/yideng-book/node_modules/fragment-cache/package.json
85 verbose read json /Users/shaogucheng/Desktop/code/yideng/yideng-book/node_modules/fresh/package.json
86 verbose read json /Users/shaogucheng/Desktop/code/yideng/yideng-book/node_modules/fs-extra/package.json
87 verbose read json /Users/shaogucheng/Desktop/code/yideng/yideng-book/node_modules/fs-readdir-recursive/package.json
88 verbose read json /Users/shaogucheng/Desktop/code/yideng/yideng-book/node_modules/fs.realpath/package.json
89 verbose read json /Users/shaogucheng/Desktop/code/yideng/yideng-book/node_modules/get-caller-file/package.json
90 verbose read json /Users/shaogucheng/Desktop/code/yideng/yideng-book/node_modules/get-stream/package.json
91 verbose read json /Users/shaogucheng/Desktop/code/yideng/yideng-book/node_modules/get-value/package.json
92 verbose read json /Users/shaogucheng/Desktop/code/yideng/yideng-book/node_modules/glob/package.json
93 verbose read json /Users/shaogucheng/Desktop/code/yideng/yideng-book/node_modules/glob-parent/package.json
94 verbose read json /Users/shaogucheng/Desktop/code/yideng/yideng-book/node_modules/globals/package.json
95 verbose read json /Users/shaogucheng/Desktop/code/yideng/yideng-book/node_modules/graceful-fs/package.json
96 verbose read json /Users/shaogucheng/Desktop/code/yideng/yideng-book/node_modules/has-flag/package.json
97 verbose read json /Users/shaogucheng/Desktop/code/yideng/yideng-book/node_modules/has-value/package.json
98 verbose read json /Users/shaogucheng/Desktop/code/yideng/yideng-book/node_modules/has-values/package.json
99 verbose read json /Users/shaogucheng/Desktop/code/yideng/yideng-book/node_modules/http-assert/package.json
100 verbose read json /Users/shaogucheng/Desktop/code/yideng/yideng-book/node_modules/http-errors/package.json
101 verbose read json /Users/shaogucheng/Desktop/code/yideng/yideng-book/node_modules/inflight/package.json
102 verbose read json /Users/shaogucheng/Desktop/code/yideng/yideng-book/node_modules/inherits/package.json
103 verbose read json /Users/shaogucheng/Desktop/code/yideng/yideng-book/node_modules/invariant/package.json
104 verbose read json /Users/shaogucheng/Desktop/code/yideng/yideng-book/node_modules/invert-kv/package.json
105 verbose read json /Users/shaogucheng/Desktop/code/yideng/yideng-book/node_modules/is-accessor-descriptor/package.json
106 verbose read json /Users/shaogucheng/Desktop/code/yideng/yideng-book/node_modules/is-binary-path/package.json
107 verbose read json /Users/shaogucheng/Desktop/code/yideng/yideng-book/node_modules/is-buffer/package.json
108 verbose read json /Users/shaogucheng/Desktop/code/yideng/yideng-book/node_modules/is-data-descriptor/package.json
109 verbose read json /Users/shaogucheng/Desktop/code/yideng/yideng-book/node_modules/is-descriptor/package.json
110 verbose read json /Users/shaogucheng/Desktop/code/yideng/yideng-book/node_modules/is-extendable/package.json
111 verbose read json /Users/shaogucheng/Desktop/code/yideng/yideng-book/node_modules/is-extglob/package.json
112 verbose read json /Users/shaogucheng/Desktop/code/yideng/yideng-book/node_modules/is-fullwidth-code-point/package.json
113 verbose read json /Users/shaogucheng/Desktop/code/yideng/yideng-book/node_modules/is-generator-function/package.json
114 verbose read json /Users/shaogucheng/Desktop/code/yideng/yideng-book/node_modules/is-glob/package.json
115 verbose read json /Users/shaogucheng/Desktop/code/yideng/yideng-book/node_modules/is-number/package.json
116 verbose read json /Users/shaogucheng/Desktop/code/yideng/yideng-book/node_modules/is-plain-obj/package.json
117 verbose read json /Users/shaogucheng/Desktop/code/yideng/yideng-book/node_modules/is-plain-object/package.json
118 verbose read json /Users/shaogucheng/Desktop/code/yideng/yideng-book/node_modules/is-stream/package.json
119 verbose read json /Users/shaogucheng/Desktop/code/yideng/yideng-book/node_modules/is-windows/package.json
120 verbose read json /Users/shaogucheng/Desktop/code/yideng/yideng-book/node_modules/isarray/package.json
121 verbose read json /Users/shaogucheng/Desktop/code/yideng/yideng-book/node_modules/isexe/package.json
122 verbose read json /Users/shaogucheng/Desktop/code/yideng/yideng-book/node_modules/isobject/package.json
123 verbose read json /Users/shaogucheng/Desktop/code/yideng/yideng-book/node_modules/js-levenshtein/package.json
124 verbose read json /Users/shaogucheng/Desktop/code/yideng/yideng-book/node_modules/js-tokens/package.json
125 verbose read json /Users/shaogucheng/Desktop/code/yideng/yideng-book/node_modules/js2xmlparser/package.json
126 verbose read json /Users/shaogucheng/Desktop/code/yideng/yideng-book/node_modules/jsdoc/package.json
127 verbose read json /Users/shaogucheng/Desktop/code/yideng/yideng-book/node_modules/jsesc/package.json
128 verbose read json /Users/shaogucheng/Desktop/code/yideng/yideng-book/node_modules/json5/package.json
129 verbose read json /Users/shaogucheng/Desktop/code/yideng/yideng-book/node_modules/jsonfile/package.json
130 verbose read json /Users/shaogucheng/Desktop/code/yideng/yideng-book/node_modules/keygrip/package.json
131 verbose read json /Users/shaogucheng/Desktop/code/yideng/yideng-book/node_modules/kind-of/package.json
132 verbose read json /Users/shaogucheng/Desktop/code/yideng/yideng-book/node_modules/klaw/package.json
133 verbose read json /Users/shaogucheng/Desktop/code/yideng/yideng-book/node_modules/koa/package.json
134 verbose read json /Users/shaogucheng/Desktop/code/yideng/yideng-book/node_modules/koa-compose/package.json
135 verbose read json /Users/shaogucheng/Desktop/code/yideng/yideng-book/node_modules/koa-convert/package.json
136 verbose read json /Users/shaogucheng/Desktop/code/yideng/yideng-book/node_modules/koa-is-json/package.json
137 verbose read json /Users/shaogucheng/Desktop/code/yideng/yideng-book/node_modules/koa-send/package.json
138 verbose read json /Users/shaogucheng/Desktop/code/yideng/yideng-book/node_modules/koa-simple-router/package.json
139 verbose read json /Users/shaogucheng/Desktop/code/yideng/yideng-book/node_modules/koa-static/package.json
140 verbose read json /Users/shaogucheng/Desktop/code/yideng/yideng-book/node_modules/koa-swig/package.json
141 verbose read json /Users/shaogucheng/Desktop/code/yideng/yideng-book/node_modules/lazy-cache/package.json
142 verbose read json /Users/shaogucheng/Desktop/code/yideng/yideng-book/node_modules/lcid/package.json
143 verbose read json /Users/shaogucheng/Desktop/code/yideng/yideng-book/node_modules/locate-path/package.json
144 verbose read json /Users/shaogucheng/Desktop/code/yideng/yideng-book/node_modules/lodash/package.json
145 verbose read json /Users/shaogucheng/Desktop/code/yideng/yideng-book/node_modules/log4js/package.json
146 verbose read json /Users/shaogucheng/Desktop/code/yideng/yideng-book/node_modules/longest/package.json
147 verbose read json /Users/shaogucheng/Desktop/code/yideng/yideng-book/node_modules/loose-envify/package.json
148 verbose read json /Users/shaogucheng/Desktop/code/yideng/yideng-book/node_modules/map-age-cleaner/package.json
149 verbose read json /Users/shaogucheng/Desktop/code/yideng/yideng-book/node_modules/map-cache/package.json
150 verbose read json /Users/shaogucheng/Desktop/code/yideng/yideng-book/node_modules/map-visit/package.json
151 verbose read json /Users/shaogucheng/Desktop/code/yideng/yideng-book/node_modules/marked/package.json
152 verbose read json /Users/shaogucheng/Desktop/code/yideng/yideng-book/node_modules/media-typer/package.json
153 verbose read json /Users/shaogucheng/Desktop/code/yideng/yideng-book/node_modules/mem/package.json
154 verbose read json /Users/shaogucheng/Desktop/code/yideng/yideng-book/node_modules/methods/package.json
155 verbose read json /Users/shaogucheng/Desktop/code/yideng/yideng-book/node_modules/micromatch/package.json
156 verbose read json /Users/shaogucheng/Desktop/code/yideng/yideng-book/node_modules/mime-db/package.json
157 verbose read json /Users/shaogucheng/Desktop/code/yideng/yideng-book/node_modules/mime-types/package.json
158 verbose read json /Users/shaogucheng/Desktop/code/yideng/yideng-book/node_modules/mimic-fn/package.json
159 verbose read json /Users/shaogucheng/Desktop/code/yideng/yideng-book/node_modules/minimatch/package.json
160 verbose read json /Users/shaogucheng/Desktop/code/yideng/yideng-book/node_modules/minimist/package.json
161 verbose read json /Users/shaogucheng/Desktop/code/yideng/yideng-book/node_modules/mixin-deep/package.json
162 verbose read json /Users/shaogucheng/Desktop/code/yideng/yideng-book/node_modules/mkdirp/package.json
163 verbose read json /Users/shaogucheng/Desktop/code/yideng/yideng-book/node_modules/ms/package.json
164 verbose read json /Users/shaogucheng/Desktop/code/yideng/yideng-book/node_modules/mz/package.json
165 verbose read json /Users/shaogucheng/Desktop/code/yideng/yideng-book/node_modules/nanomatch/package.json
166 verbose read json /Users/shaogucheng/Desktop/code/yideng/yideng-book/node_modules/negotiator/package.json
167 verbose read json /Users/shaogucheng/Desktop/code/yideng/yideng-book/node_modules/nice-try/package.json
168 verbose read json /Users/shaogucheng/Desktop/code/yideng/yideng-book/node_modules/node-fetch/package.json
169 verbose read json /Users/shaogucheng/Desktop/code/yideng/yideng-book/node_modules/node-releases/package.json
170 verbose read json /Users/shaogucheng/Desktop/code/yideng/yideng-book/node_modules/normalize-path/package.json
171 verbose read json /Users/shaogucheng/Desktop/code/yideng/yideng-book/node_modules/npm-run-path/package.json
172 verbose read json /Users/shaogucheng/Desktop/code/yideng/yideng-book/node_modules/number-is-nan/package.json
173 verbose read json /Users/shaogucheng/Desktop/code/yideng/yideng-book/node_modules/object-assign/package.json
174 verbose read json /Users/shaogucheng/Desktop/code/yideng/yideng-book/node_modules/object-copy/package.json
175 verbose read json /Users/shaogucheng/Desktop/code/yideng/yideng-book/node_modules/object-visit/package.json
176 verbose read json /Users/shaogucheng/Desktop/code/yideng/yideng-book/node_modules/object.pick/package.json
177 verbose read json /Users/shaogucheng/Desktop/code/yideng/yideng-book/node_modules/on-finished/package.json
178 verbose read json /Users/shaogucheng/Desktop/code/yideng/yideng-book/node_modules/once/package.json
179 verbose read json /Users/shaogucheng/Desktop/code/yideng/yideng-book/node_modules/only/package.json
180 verbose read json /Users/shaogucheng/Desktop/code/yideng/yideng-book/node_modules/optimist/package.json
181 verbose read json /Users/shaogucheng/Desktop/code/yideng/yideng-book/node_modules/os-locale/package.json
182 verbose read json /Users/shaogucheng/Desktop/code/yideng/yideng-book/node_modules/output-file-sync/package.json
183 verbose read json /Users/shaogucheng/Desktop/code/yideng/yideng-book/node_modules/p-defer/package.json
184 verbose read json /Users/shaogucheng/Desktop/code/yideng/yideng-book/node_modules/p-finally/package.json
185 verbose read json /Users/shaogucheng/Desktop/code/yideng/yideng-book/node_modules/p-is-promise/package.json
186 verbose read json /Users/shaogucheng/Desktop/code/yideng/yideng-book/node_modules/p-limit/package.json
187 verbose read json /Users/shaogucheng/Desktop/code/yideng/yideng-book/node_modules/p-locate/package.json
188 verbose read json /Users/shaogucheng/Desktop/code/yideng/yideng-book/node_modules/p-try/package.json
189 verbose read json /Users/shaogucheng/Desktop/code/yideng/yideng-book/node_modules/parseurl/package.json
190 verbose read json /Users/shaogucheng/Desktop/code/yideng/yideng-book/node_modules/pascalcase/package.json
191 verbose read json /Users/shaogucheng/Desktop/code/yideng/yideng-book/node_modules/path-dirname/package.json
192 verbose read json /Users/shaogucheng/Desktop/code/yideng/yideng-book/node_modules/path-exists/package.json
193 verbose read json /Users/shaogucheng/Desktop/code/yideng/yideng-book/node_modules/path-is-absolute/package.json
194 verbose read json /Users/shaogucheng/Desktop/code/yideng/yideng-book/node_modules/path-key/package.json
195 verbose read json /Users/shaogucheng/Desktop/code/yideng/yideng-book/node_modules/path-parse/package.json
196 verbose read json /Users/shaogucheng/Desktop/code/yideng/yideng-book/node_modules/path-to-regexp/package.json
197 verbose read json /Users/shaogucheng/Desktop/code/yideng/yideng-book/node_modules/posix-character-classes/package.json
198 verbose read json /Users/shaogucheng/Desktop/code/yideng/yideng-book/node_modules/private/package.json
199 verbose read json /Users/shaogucheng/Desktop/code/yideng/yideng-book/node_modules/process-nextick-args/package.json
200 verbose read json /Users/shaogucheng/Desktop/code/yideng/yideng-book/node_modules/pump/package.json
201 verbose read json /Users/shaogucheng/Desktop/code/yideng/yideng-book/node_modules/readable-stream/package.json
202 verbose read json /Users/shaogucheng/Desktop/code/yideng/yideng-book/node_modules/readdirp/package.json
203 verbose read json /Users/shaogucheng/Desktop/code/yideng/yideng-book/node_modules/regenerate/package.json
204 verbose read json /Users/shaogucheng/Desktop/code/yideng/yideng-book/node_modules/regenerate-unicode-properties/package.json
205 verbose read json /Users/shaogucheng/Desktop/code/yideng/yideng-book/node_modules/regenerator-transform/package.json
206 verbose read json /Users/shaogucheng/Desktop/code/yideng/yideng-book/node_modules/regex-not/package.json
207 verbose read json /Users/shaogucheng/Desktop/code/yideng/yideng-book/node_modules/regexp-tree/package.json
208 verbose read json /Users/shaogucheng/Desktop/code/yideng/yideng-book/node_modules/regexpu-core/package.json
209 verbose read json /Users/shaogucheng/Desktop/code/yideng/yideng-book/node_modules/regjsgen/package.json
210 verbose read json /Users/shaogucheng/Desktop/code/yideng/yideng-book/node_modules/regjsparser/package.json
211 verbose read json /Users/shaogucheng/Desktop/code/yideng/yideng-book/node_modules/remove-trailing-separator/package.json
212 verbose read json /Users/shaogucheng/Desktop/code/yideng/yideng-book/node_modules/repeat-element/package.json
213 verbose read json /Users/shaogucheng/Desktop/code/yideng/yideng-book/node_modules/repeat-string/package.json
214 verbose read json /Users/shaogucheng/Desktop/code/yideng/yideng-book/node_modules/require-directory/package.json
215 verbose read json /Users/shaogucheng/Desktop/code/yideng/yideng-book/node_modules/require-main-filename/package.json
216 verbose read json /Users/shaogucheng/Desktop/code/yideng/yideng-book/node_modules/requizzle/package.json
217 verbose read json /Users/shaogucheng/Desktop/code/yideng/yideng-book/node_modules/resolve/package.json
218 verbose read json /Users/shaogucheng/Desktop/code/yideng/yideng-book/node_modules/resolve-path/package.json
219 verbose read json /Users/shaogucheng/Desktop/code/yideng/yideng-book/node_modules/resolve-url/package.json
220 verbose read json /Users/shaogucheng/Desktop/code/yideng/yideng-book/node_modules/ret/package.json
221 verbose read json /Users/shaogucheng/Desktop/code/yideng/yideng-book/node_modules/rfdc/package.json
222 verbose read json /Users/shaogucheng/Desktop/code/yideng/yideng-book/node_modules/right-align/package.json
223 verbose read json /Users/shaogucheng/Desktop/code/yideng/yideng-book/node_modules/safe-buffer/package.json
224 verbose read json /Users/shaogucheng/Desktop/code/yideng/yideng-book/node_modules/safe-regex/package.json
225 verbose read json /Users/shaogucheng/Desktop/code/yideng/yideng-book/node_modules/semver/package.json
226 verbose read json /Users/shaogucheng/Desktop/code/yideng/yideng-book/node_modules/set-blocking/package.json
227 verbose read json /Users/shaogucheng/Desktop/code/yideng/yideng-book/node_modules/set-value/package.json
228 verbose read json /Users/shaogucheng/Desktop/code/yideng/yideng-book/node_modules/setprototypeof/package.json
229 verbose read json /Users/shaogucheng/Desktop/code/yideng/yideng-book/node_modules/shebang-command/package.json
230 verbose read json /Users/shaogucheng/Desktop/code/yideng/yideng-book/node_modules/shebang-regex/package.json
231 verbose read json /Users/shaogucheng/Desktop/code/yideng/yideng-book/node_modules/signal-exit/package.json
232 verbose read json /Users/shaogucheng/Desktop/code/yideng/yideng-book/node_modules/slash/package.json
233 verbose read json /Users/shaogucheng/Desktop/code/yideng/yideng-book/node_modules/snapdragon/package.json
234 verbose read json /Users/shaogucheng/Desktop/code/yideng/yideng-book/node_modules/snapdragon-node/package.json
235 verbose read json /Users/shaogucheng/Desktop/code/yideng/yideng-book/node_modules/snapdragon-util/package.json
236 verbose read json /Users/shaogucheng/Desktop/code/yideng/yideng-book/node_modules/source-map/package.json
237 verbose read json /Users/shaogucheng/Desktop/code/yideng/yideng-book/node_modules/source-map-resolve/package.json
238 verbose read json /Users/shaogucheng/Desktop/code/yideng/yideng-book/node_modules/source-map-url/package.json
239 verbose read json /Users/shaogucheng/Desktop/code/yideng/yideng-book/node_modules/split-string/package.json
240 verbose read json /Users/shaogucheng/Desktop/code/yideng/yideng-book/node_modules/static-extend/package.json
241 verbose read json /Users/shaogucheng/Desktop/code/yideng/yideng-book/node_modules/statuses/package.json
242 verbose read json /Users/shaogucheng/Desktop/code/yideng/yideng-book/node_modules/streamroller/package.json
243 verbose read json /Users/shaogucheng/Desktop/code/yideng/yideng-book/node_modules/string-width/package.json
244 verbose read json /Users/shaogucheng/Desktop/code/yideng/yideng-book/node_modules/string_decoder/package.json
245 verbose read json /Users/shaogucheng/Desktop/code/yideng/yideng-book/node_modules/strip-ansi/package.json
246 verbose read json /Users/shaogucheng/Desktop/code/yideng/yideng-book/node_modules/strip-eof/package.json
247 verbose read json /Users/shaogucheng/Desktop/code/yideng/yideng-book/node_modules/strip-json-comments/package.json
248 verbose read json /Users/shaogucheng/Desktop/code/yideng/yideng-book/node_modules/supports-color/package.json
249 verbose read json /Users/shaogucheng/Desktop/code/yideng/yideng-book/node_modules/swig-templates/package.json
250 verbose read json /Users/shaogucheng/Desktop/code/yideng/yideng-book/node_modules/taffydb/package.json
251 verbose read json /Users/shaogucheng/Desktop/code/yideng/yideng-book/node_modules/thenify/package.json
252 verbose read json /Users/shaogucheng/Desktop/code/yideng/yideng-book/node_modules/thenify-all/package.json
253 verbose read json /Users/shaogucheng/Desktop/code/yideng/yideng-book/node_modules/to-fast-properties/package.json
254 verbose read json /Users/shaogucheng/Desktop/code/yideng/yideng-book/node_modules/to-object-path/package.json
255 verbose read json /Users/shaogucheng/Desktop/code/yideng/yideng-book/node_modules/to-regex/package.json
256 verbose read json /Users/shaogucheng/Desktop/code/yideng/yideng-book/node_modules/to-regex-range/package.json
257 verbose read json /Users/shaogucheng/Desktop/code/yideng/yideng-book/node_modules/toidentifier/package.json
258 verbose read json /Users/shaogucheng/Desktop/code/yideng/yideng-book/node_modules/trim-right/package.json
259 verbose read json /Users/shaogucheng/Desktop/code/yideng/yideng-book/node_modules/type-is/package.json
260 verbose read json /Users/shaogucheng/Desktop/code/yideng/yideng-book/node_modules/uglify-js/package.json
261 verbose read json /Users/shaogucheng/Desktop/code/yideng/yideng-book/node_modules/uglify-to-browserify/package.json
262 verbose read json /Users/shaogucheng/Desktop/code/yideng/yideng-book/node_modules/underscore/package.json
263 verbose read json /Users/shaogucheng/Desktop/code/yideng/yideng-book/node_modules/underscore-contrib/package.json
264 verbose read json /Users/shaogucheng/Desktop/code/yideng/yideng-book/node_modules/unicode-canonical-property-names-ecmascript/package.json
265 verbose read json /Users/shaogucheng/Desktop/code/yideng/yideng-book/node_modules/unicode-match-property-ecmascript/package.json
266 verbose read json /Users/shaogucheng/Desktop/code/yideng/yideng-book/node_modules/unicode-match-property-value-ecmascript/package.json
267 verbose read json /Users/shaogucheng/Desktop/code/yideng/yideng-book/node_modules/unicode-property-aliases-ecmascript/package.json
268 verbose read json /Users/shaogucheng/Desktop/code/yideng/yideng-book/node_modules/union-value/package.json
269 verbose read json /Users/shaogucheng/Desktop/code/yideng/yideng-book/node_modules/universalify/package.json
270 verbose read json /Users/shaogucheng/Desktop/code/yideng/yideng-book/node_modules/unset-value/package.json
271 verbose read json /Users/shaogucheng/Desktop/code/yideng/yideng-book/node_modules/upath/package.json
272 verbose read json /Users/shaogucheng/Desktop/code/yideng/yideng-book/node_modules/urix/package.json
273 verbose read json /Users/shaogucheng/Desktop/code/yideng/yideng-book/node_modules/use/package.json
274 verbose read json /Users/shaogucheng/Desktop/code/yideng/yideng-book/node_modules/util-deprecate/package.json
275 verbose read json /Users/shaogucheng/Desktop/code/yideng/yideng-book/node_modules/utils-merge/package.json
276 verbose read json /Users/shaogucheng/Desktop/code/yideng/yideng-book/node_modules/vary/package.json
277 verbose read json /Users/shaogucheng/Desktop/code/yideng/yideng-book/node_modules/which/package.json
278 verbose read json /Users/shaogucheng/Desktop/code/yideng/yideng-book/node_modules/which-module/package.json
279 verbose read json /Users/shaogucheng/Desktop/code/yideng/yideng-book/node_modules/window-size/package.json
280 verbose read json /Users/shaogucheng/Desktop/code/yideng/yideng-book/node_modules/wordwrap/package.json
281 verbose read json /Users/shaogucheng/Desktop/code/yideng/yideng-book/node_modules/wrap-ansi/package.json
282 verbose read json /Users/shaogucheng/Desktop/code/yideng/yideng-book/node_modules/wrappy/package.json
283 verbose read json /Users/shaogucheng/Desktop/code/yideng/yideng-book/node_modules/xmlcreate/package.json
284 verbose read json /Users/shaogucheng/Desktop/code/yideng/yideng-book/node_modules/y18n/package.json
285 verbose read json /Users/shaogucheng/Desktop/code/yideng/yideng-book/node_modules/yargs/package.json
286 verbose read json /Users/shaogucheng/Desktop/code/yideng/yideng-book/node_modules/yargs-parser/package.json
287 verbose read json /Users/shaogucheng/Desktop/code/yideng/yideng-book/node_modules/ylru/package.json
288 warn package.json copy-descriptor@0.1.1 No README.md file found!
289 warn package.json get-value@2.0.6 No README.md file found!
290 warn package.json object-copy@0.1.0 No README.md file found!
291 warn package.json static-extend@0.1.2 No README.md file found!
292 warn package.json taffydb@2.6.2 No README.md file found!
293 verbose from cache /Users/shaogucheng/Desktop/code/yideng/yideng-book/package.json
294 verbose readDependencies using package.json deps
295 verbose read json /Users/shaogucheng/Desktop/code/yideng/yideng-book/node_modules/@babel/package.json
296 verbose from cache /Users/shaogucheng/Desktop/code/yideng/yideng-book/node_modules/accepts/package.json
297 verbose from cache /Users/shaogucheng/Desktop/code/yideng/yideng-book/node_modules/align-text/package.json
298 verbose from cache /Users/shaogucheng/Desktop/code/yideng/yideng-book/node_modules/ansi-regex/package.json
299 verbose from cache /Users/shaogucheng/Desktop/code/yideng/yideng-book/node_modules/ansi-styles/package.json
300 verbose from cache /Users/shaogucheng/Desktop/code/yideng/yideng-book/node_modules/any-promise/package.json
301 verbose from cache /Users/shaogucheng/Desktop/code/yideng/yideng-book/node_modules/anymatch/package.json
302 verbose from cache /Users/shaogucheng/Desktop/code/yideng/yideng-book/node_modules/arr-diff/package.json
303 verbose from cache /Users/shaogucheng/Desktop/code/yideng/yideng-book/node_modules/arr-flatten/package.json
304 verbose from cache /Users/shaogucheng/Desktop/code/yideng/yideng-book/node_modules/arr-union/package.json
305 verbose from cache /Users/shaogucheng/Desktop/code/yideng/yideng-book/node_modules/array-unique/package.json
306 verbose from cache /Users/shaogucheng/Desktop/code/yideng/yideng-book/node_modules/assign-symbols/package.json
307 verbose from cache /Users/shaogucheng/Desktop/code/yideng/yideng-book/node_modules/async/package.json
308 verbose from cache /Users/shaogucheng/Desktop/code/yideng/yideng-book/node_modules/async-each/package.json
309 verbose from cache /Users/shaogucheng/Desktop/code/yideng/yideng-book/node_modules/atob/package.json
310 verbose from cache /Users/shaogucheng/Desktop/code/yideng/yideng-book/node_modules/babylon/package.json
311 verbose from cache /Users/shaogucheng/Desktop/code/yideng/yideng-book/node_modules/balanced-match/package.json
312 verbose from cache /Users/shaogucheng/Desktop/code/yideng/yideng-book/node_modules/base/package.json
313 verbose from cache /Users/shaogucheng/Desktop/code/yideng/yideng-book/node_modules/binary-extensions/package.json
314 verbose from cache /Users/shaogucheng/Desktop/code/yideng/yideng-book/node_modules/bluebird/package.json
315 verbose from cache /Users/shaogucheng/Desktop/code/yideng/yideng-book/node_modules/brace-expansion/package.json
316 verbose from cache /Users/shaogucheng/Desktop/code/yideng/yideng-book/node_modules/braces/package.json
317 verbose from cache /Users/shaogucheng/Desktop/code/yideng/yideng-book/node_modules/browserslist/package.json
318 verbose from cache /Users/shaogucheng/Desktop/code/yideng/yideng-book/node_modules/cache-base/package.json
319 verbose from cache /Users/shaogucheng/Desktop/code/yideng/yideng-book/node_modules/cache-content-type/package.json
320 verbose from cache /Users/shaogucheng/Desktop/code/yideng/yideng-book/node_modules/camelcase/package.json
321 verbose from cache /Users/shaogucheng/Desktop/code/yideng/yideng-book/node_modules/caniuse-lite/package.json
322 verbose from cache /Users/shaogucheng/Desktop/code/yideng/yideng-book/node_modules/catharsis/package.json
323 verbose from cache /Users/shaogucheng/Desktop/code/yideng/yideng-book/node_modules/center-align/package.json
324 verbose from cache /Users/shaogucheng/Desktop/code/yideng/yideng-book/node_modules/chalk/package.json
325 verbose from cache /Users/shaogucheng/Desktop/code/yideng/yideng-book/node_modules/chokidar/package.json
326 verbose from cache /Users/shaogucheng/Desktop/code/yideng/yideng-book/node_modules/class-utils/package.json
327 verbose from cache /Users/shaogucheng/Desktop/code/yideng/yideng-book/node_modules/cli-table3/package.json
328 verbose from cache /Users/shaogucheng/Desktop/code/yideng/yideng-book/node_modules/cliui/package.json
329 verbose from cache /Users/shaogucheng/Desktop/code/yideng/yideng-book/node_modules/co/package.json
330 verbose from cache /Users/shaogucheng/Desktop/code/yideng/yideng-book/node_modules/code-point-at/package.json
331 verbose from cache /Users/shaogucheng/Desktop/code/yideng/yideng-book/node_modules/collection-visit/package.json
332 verbose from cache /Users/shaogucheng/Desktop/code/yideng/yideng-book/node_modules/color-convert/package.json
333 verbose from cache /Users/shaogucheng/Desktop/code/yideng/yideng-book/node_modules/color-name/package.json
334 verbose from cache /Users/shaogucheng/Desktop/code/yideng/yideng-book/node_modules/colors/package.json
335 verbose from cache /Users/shaogucheng/Desktop/code/yideng/yideng-book/node_modules/commander/package.json
336 verbose from cache /Users/shaogucheng/Desktop/code/yideng/yideng-book/node_modules/component-emitter/package.json
337 verbose from cache /Users/shaogucheng/Desktop/code/yideng/yideng-book/node_modules/concat-map/package.json
338 verbose from cache /Users/shaogucheng/Desktop/code/yideng/yideng-book/node_modules/content-disposition/package.json
339 verbose from cache /Users/shaogucheng/Desktop/code/yideng/yideng-book/node_modules/content-type/package.json
340 verbose from cache /Users/shaogucheng/Desktop/code/yideng/yideng-book/node_modules/convert-source-map/package.json
341 verbose from cache /Users/shaogucheng/Desktop/code/yideng/yideng-book/node_modules/cookies/package.json
342 verbose from cache /Users/shaogucheng/Desktop/code/yideng/yideng-book/node_modules/copy-descriptor/package.json
343 verbose from cache /Users/shaogucheng/Desktop/code/yideng/yideng-book/node_modules/core-util-is/package.json
344 verbose from cache /Users/shaogucheng/Desktop/code/yideng/yideng-book/node_modules/cross-env/package.json
345 verbose from cache /Users/shaogucheng/Desktop/code/yideng/yideng-book/node_modules/cross-spawn/package.json
346 verbose from cache /Users/shaogucheng/Desktop/code/yideng/yideng-book/node_modules/date-format/package.json
347 verbose from cache /Users/shaogucheng/Desktop/code/yideng/yideng-book/node_modules/debug/package.json
348 verbose from cache /Users/shaogucheng/Desktop/code/yideng/yideng-book/node_modules/decamelize/package.json
349 verbose from cache /Users/shaogucheng/Desktop/code/yideng/yideng-book/node_modules/decode-uri-component/package.json
350 verbose from cache /Users/shaogucheng/Desktop/code/yideng/yideng-book/node_modules/deep-equal/package.json
351 verbose from cache /Users/shaogucheng/Desktop/code/yideng/yideng-book/node_modules/define-property/package.json
352 verbose from cache /Users/shaogucheng/Desktop/code/yideng/yideng-book/node_modules/delegates/package.json
353 verbose from cache /Users/shaogucheng/Desktop/code/yideng/yideng-book/node_modules/depd/package.json
354 verbose from cache /Users/shaogucheng/Desktop/code/yideng/yideng-book/node_modules/destroy/package.json
355 verbose from cache /Users/shaogucheng/Desktop/code/yideng/yideng-book/node_modules/ee-first/package.json
356 verbose from cache /Users/shaogucheng/Desktop/code/yideng/yideng-book/node_modules/electron-to-chromium/package.json
357 verbose from cache /Users/shaogucheng/Desktop/code/yideng/yideng-book/node_modules/end-of-stream/package.json
358 verbose from cache /Users/shaogucheng/Desktop/code/yideng/yideng-book/node_modules/error-inject/package.json
359 verbose from cache /Users/shaogucheng/Desktop/code/yideng/yideng-book/node_modules/escape-html/package.json
360 verbose from cache /Users/shaogucheng/Desktop/code/yideng/yideng-book/node_modules/escape-string-regexp/package.json
361 verbose from cache /Users/shaogucheng/Desktop/code/yideng/yideng-book/node_modules/esutils/package.json
362 verbose from cache /Users/shaogucheng/Desktop/code/yideng/yideng-book/node_modules/execa/package.json
363 verbose from cache /Users/shaogucheng/Desktop/code/yideng/yideng-book/node_modules/expand-brackets/package.json
364 verbose from cache /Users/shaogucheng/Desktop/code/yideng/yideng-book/node_modules/extend-shallow/package.json
365 verbose from cache /Users/shaogucheng/Desktop/code/yideng/yideng-book/node_modules/extglob/package.json
366 verbose from cache /Users/shaogucheng/Desktop/code/yideng/yideng-book/node_modules/fill-range/package.json
367 verbose from cache /Users/shaogucheng/Desktop/code/yideng/yideng-book/node_modules/find-up/package.json
368 verbose from cache /Users/shaogucheng/Desktop/code/yideng/yideng-book/node_modules/flatted/package.json
369 verbose from cache /Users/shaogucheng/Desktop/code/yideng/yideng-book/node_modules/for-in/package.json
370 verbose from cache /Users/shaogucheng/Desktop/code/yideng/yideng-book/node_modules/fragment-cache/package.json
371 verbose from cache /Users/shaogucheng/Desktop/code/yideng/yideng-book/node_modules/fresh/package.json
372 verbose from cache /Users/shaogucheng/Desktop/code/yideng/yideng-book/node_modules/fs-extra/package.json
373 verbose from cache /Users/shaogucheng/Desktop/code/yideng/yideng-book/node_modules/fs-readdir-recursive/package.json
374 verbose from cache /Users/shaogucheng/Desktop/code/yideng/yideng-book/node_modules/fs.realpath/package.json
375 verbose from cache /Users/shaogucheng/Desktop/code/yideng/yideng-book/node_modules/get-caller-file/package.json
376 verbose from cache /Users/shaogucheng/Desktop/code/yideng/yideng-book/node_modules/get-stream/package.json
377 verbose from cache /Users/shaogucheng/Desktop/code/yideng/yideng-book/node_modules/get-value/package.json
378 verbose from cache /Users/shaogucheng/Desktop/code/yideng/yideng-book/node_modules/glob/package.json
379 verbose from cache /Users/shaogucheng/Desktop/code/yideng/yideng-book/node_modules/glob-parent/package.json
380 verbose from cache /Users/shaogucheng/Desktop/code/yideng/yideng-book/node_modules/globals/package.json
381 verbose from cache /Users/shaogucheng/Desktop/code/yideng/yideng-book/node_modules/graceful-fs/package.json
382 verbose from cache /Users/shaogucheng/Desktop/code/yideng/yideng-book/node_modules/has-flag/package.json
383 verbose from cache /Users/shaogucheng/Desktop/code/yideng/yideng-book/node_modules/has-value/package.json
384 verbose from cache /Users/shaogucheng/Desktop/code/yideng/yideng-book/node_modules/has-values/package.json
385 verbose from cache /Users/shaogucheng/Desktop/code/yideng/yideng-book/node_modules/http-assert/package.json
386 verbose from cache /Users/shaogucheng/Desktop/code/yideng/yideng-book/node_modules/http-errors/package.json
387 verbose from cache /Users/shaogucheng/Desktop/code/yideng/yideng-book/node_modules/inflight/package.json
388 verbose from cache /Users/shaogucheng/Desktop/code/yideng/yideng-book/node_modules/inherits/package.json
389 verbose from cache /Users/shaogucheng/Desktop/code/yideng/yideng-book/node_modules/invariant/package.json
390 verbose from cache /Users/shaogucheng/Desktop/code/yideng/yideng-book/node_modules/invert-kv/package.json
391 verbose from cache /Users/shaogucheng/Desktop/code/yideng/yideng-book/node_modules/is-accessor-descriptor/package.json
392 verbose from cache /Users/shaogucheng/Desktop/code/yideng/yideng-book/node_modules/is-binary-path/package.json
393 verbose from cache /Users/shaogucheng/Desktop/code/yideng/yideng-book/node_modules/is-buffer/package.json
394 verbose from cache /Users/shaogucheng/Desktop/code/yideng/yideng-book/node_modules/is-data-descriptor/package.json
395 verbose from cache /Users/shaogucheng/Desktop/code/yideng/yideng-book/node_modules/is-descriptor/package.json
396 verbose from cache /Users/shaogucheng/Desktop/code/yideng/yideng-book/node_modules/is-extendable/package.json
397 verbose from cache /Users/shaogucheng/Desktop/code/yideng/yideng-book/node_modules/is-extglob/package.json
398 verbose from cache /Users/shaogucheng/Desktop/code/yideng/yideng-book/node_modules/is-fullwidth-code-point/package.json
399 verbose from cache /Users/shaogucheng/Desktop/code/yideng/yideng-book/node_modules/is-generator-function/package.json
400 verbose from cache /Users/shaogucheng/Desktop/code/yideng/yideng-book/node_modules/is-glob/package.json
401 verbose from cache /Users/shaogucheng/Desktop/code/yideng/yideng-book/node_modules/is-number/package.json
402 verbose from cache /Users/shaogucheng/Desktop/code/yideng/yideng-book/node_modules/is-plain-obj/package.json
403 verbose from cache /Users/shaogucheng/Desktop/code/yideng/yideng-book/node_modules/is-plain-object/package.json
404 verbose from cache /Users/shaogucheng/Desktop/code/yideng/yideng-book/node_modules/is-stream/package.json
405 verbose from cache /Users/shaogucheng/Desktop/code/yideng/yideng-book/node_modules/is-windows/package.json
406 verbose from cache /Users/shaogucheng/Desktop/code/yideng/yideng-book/node_modules/isarray/package.json
407 verbose from cache /Users/shaogucheng/Desktop/code/yideng/yideng-book/node_modules/isexe/package.json
408 verbose from cache /Users/shaogucheng/Desktop/code/yideng/yideng-book/node_modules/isobject/package.json
409 verbose from cache /Users/shaogucheng/Desktop/code/yideng/yideng-book/node_modules/js-levenshtein/package.json
410 verbose from cache /Users/shaogucheng/Desktop/code/yideng/yideng-book/node_modules/js-tokens/package.json
411 verbose from cache /Users/shaogucheng/Desktop/code/yideng/yideng-book/node_modules/js2xmlparser/package.json
412 verbose from cache /Users/shaogucheng/Desktop/code/yideng/yideng-book/node_modules/jsdoc/package.json
413 verbose from cache /Users/shaogucheng/Desktop/code/yideng/yideng-book/node_modules/jsesc/package.json
414 verbose from cache /Users/shaogucheng/Desktop/code/yideng/yideng-book/node_modules/json5/package.json
415 verbose from cache /Users/shaogucheng/Desktop/code/yideng/yideng-book/node_modules/jsonfile/package.json
416 verbose from cache /Users/shaogucheng/Desktop/code/yideng/yideng-book/node_modules/keygrip/package.json
417 verbose from cache /Users/shaogucheng/Desktop/code/yideng/yideng-book/node_modules/kind-of/package.json
418 verbose from cache /Users/shaogucheng/Desktop/code/yideng/yideng-book/node_modules/klaw/package.json
419 verbose from cache /Users/shaogucheng/Desktop/code/yideng/yideng-book/node_modules/koa/package.json
420 verbose from cache /Users/shaogucheng/Desktop/code/yideng/yideng-book/node_modules/koa-compose/package.json
421 verbose from cache /Users/shaogucheng/Desktop/code/yideng/yideng-book/node_modules/koa-convert/package.json
422 verbose from cache /Users/shaogucheng/Desktop/code/yideng/yideng-book/node_modules/koa-is-json/package.json
423 verbose from cache /Users/shaogucheng/Desktop/code/yideng/yideng-book/node_modules/koa-send/package.json
424 verbose from cache /Users/shaogucheng/Desktop/code/yideng/yideng-book/node_modules/koa-simple-router/package.json
425 verbose from cache /Users/shaogucheng/Desktop/code/yideng/yideng-book/node_modules/koa-static/package.json
426 verbose from cache /Users/shaogucheng/Desktop/code/yideng/yideng-book/node_modules/koa-swig/package.json
427 verbose from cache /Users/shaogucheng/Desktop/code/yideng/yideng-book/node_modules/lazy-cache/package.json
428 verbose from cache /Users/shaogucheng/Desktop/code/yideng/yideng-book/node_modules/lcid/package.json
429 verbose from cache /Users/shaogucheng/Desktop/code/yideng/yideng-book/node_modules/locate-path/package.json
430 verbose from cache /Users/shaogucheng/Desktop/code/yideng/yideng-book/node_modules/lodash/package.json
431 verbose from cache /Users/shaogucheng/Desktop/code/yideng/yideng-book/node_modules/log4js/package.json
432 verbose from cache /Users/shaogucheng/Desktop/code/yideng/yideng-book/node_modules/longest/package.json
433 verbose from cache /Users/shaogucheng/Desktop/code/yideng/yideng-book/node_modules/loose-envify/package.json
434 verbose from cache /Users/shaogucheng/Desktop/code/yideng/yideng-book/node_modules/map-age-cleaner/package.json
435 verbose from cache /Users/shaogucheng/Desktop/code/yideng/yideng-book/node_modules/map-cache/package.json
436 verbose from cache /Users/shaogucheng/Desktop/code/yideng/yideng-book/node_modules/map-visit/package.json
437 verbose from cache /Users/shaogucheng/Desktop/code/yideng/yideng-book/node_modules/marked/package.json
438 verbose from cache /Users/shaogucheng/Desktop/code/yideng/yideng-book/node_modules/media-typer/package.json
439 verbose from cache /Users/shaogucheng/Desktop/code/yideng/yideng-book/node_modules/mem/package.json
440 verbose from cache /Users/shaogucheng/Desktop/code/yideng/yideng-book/node_modules/methods/package.json
441 verbose from cache /Users/shaogucheng/Desktop/code/yideng/yideng-book/node_modules/micromatch/package.json
442 verbose from cache /Users/shaogucheng/Desktop/code/yideng/yideng-book/node_modules/mime-db/package.json
443 verbose from cache /Users/shaogucheng/Desktop/code/yideng/yideng-book/node_modules/mime-types/package.json
444 verbose from cache /Users/shaogucheng/Desktop/code/yideng/yideng-book/node_modules/mimic-fn/package.json
445 verbose from cache /Users/shaogucheng/Desktop/code/yideng/yideng-book/node_modules/minimatch/package.json
446 verbose from cache /Users/shaogucheng/Desktop/code/yideng/yideng-book/node_modules/minimist/package.json
447 verbose from cache /Users/shaogucheng/Desktop/code/yideng/yideng-book/node_modules/mixin-deep/package.json
448 verbose from cache /Users/shaogucheng/Desktop/code/yideng/yideng-book/node_modules/mkdirp/package.json
449 verbose from cache /Users/shaogucheng/Desktop/code/yideng/yideng-book/node_modules/ms/package.json
450 verbose from cache /Users/shaogucheng/Desktop/code/yideng/yideng-book/node_modules/mz/package.json
451 verbose from cache /Users/shaogucheng/Desktop/code/yideng/yideng-book/node_modules/nanomatch/package.json
452 verbose from cache /Users/shaogucheng/Desktop/code/yideng/yideng-book/node_modules/negotiator/package.json
453 verbose from cache /Users/shaogucheng/Desktop/code/yideng/yideng-book/node_modules/nice-try/package.json
454 verbose from cache /Users/shaogucheng/Desktop/code/yideng/yideng-book/node_modules/node-fetch/package.json
455 verbose from cache /Users/shaogucheng/Desktop/code/yideng/yideng-book/node_modules/node-releases/package.json
456 verbose from cache /Users/shaogucheng/Desktop/code/yideng/yideng-book/node_modules/normalize-path/package.json
457 verbose from cache /Users/shaogucheng/Desktop/code/yideng/yideng-book/node_modules/npm-run-path/package.json
458 verbose from cache /Users/shaogucheng/Desktop/code/yideng/yideng-book/node_modules/number-is-nan/package.json
459 verbose from cache /Users/shaogucheng/Desktop/code/yideng/yideng-book/node_modules/object-assign/package.json
460 verbose from cache /Users/shaogucheng/Desktop/code/yideng/yideng-book/node_modules/object-copy/package.json
461 verbose from cache /Users/shaogucheng/Desktop/code/yideng/yideng-book/node_modules/object-visit/package.json
462 verbose from cache /Users/shaogucheng/Desktop/code/yideng/yideng-book/node_modules/object.pick/package.json
463 verbose from cache /Users/shaogucheng/Desktop/code/yideng/yideng-book/node_modules/on-finished/package.json
464 verbose from cache /Users/shaogucheng/Desktop/code/yideng/yideng-book/node_modules/once/package.json
465 verbose from cache /Users/shaogucheng/Desktop/code/yideng/yideng-book/node_modules/only/package.json
466 verbose from cache /Users/shaogucheng/Desktop/code/yideng/yideng-book/node_modules/optimist/package.json
467 verbose from cache /Users/shaogucheng/Desktop/code/yideng/yideng-book/node_modules/os-locale/package.json
468 verbose from cache /Users/shaogucheng/Desktop/code/yideng/yideng-book/node_modules/output-file-sync/package.json
469 verbose from cache /Users/shaogucheng/Desktop/code/yideng/yideng-book/node_modules/p-defer/package.json
470 verbose from cache /Users/shaogucheng/Desktop/code/yideng/yideng-book/node_modules/p-finally/package.json
471 verbose from cache /Users/shaogucheng/Desktop/code/yideng/yideng-book/node_modules/p-is-promise/package.json
472 verbose from cache /Users/shaogucheng/Desktop/code/yideng/yideng-book/node_modules/p-limit/package.json
473 verbose from cache /Users/shaogucheng/Desktop/code/yideng/yideng-book/node_modules/p-locate/package.json
474 verbose from cache /Users/shaogucheng/Desktop/code/yideng/yideng-book/node_modules/p-try/package.json
475 verbose from cache /Users/shaogucheng/Desktop/code/yideng/yideng-book/node_modules/parseurl/package.json
476 verbose from cache /Users/shaogucheng/Desktop/code/yideng/yideng-book/node_modules/pascalcase/package.json
477 verbose from cache /Users/shaogucheng/Desktop/code/yideng/yideng-book/node_modules/path-dirname/package.json
478 verbose from cache /Users/shaogucheng/Desktop/code/yideng/yideng-book/node_modules/path-exists/package.json
479 verbose from cache /Users/shaogucheng/Desktop/code/yideng/yideng-book/node_modules/path-is-absolute/package.json
480 verbose from cache /Users/shaogucheng/Desktop/code/yideng/yideng-book/node_modules/path-key/package.json
481 verbose from cache /Users/shaogucheng/Desktop/code/yideng/yideng-book/node_modules/path-parse/package.json
482 verbose from cache /Users/shaogucheng/Desktop/code/yideng/yideng-book/node_modules/path-to-regexp/package.json
483 verbose from cache /Users/shaogucheng/Desktop/code/yideng/yideng-book/node_modules/posix-character-classes/package.json
484 verbose from cache /Users/shaogucheng/Desktop/code/yideng/yideng-book/node_modules/private/package.json
485 verbose from cache /Users/shaogucheng/Desktop/code/yideng/yideng-book/node_modules/process-nextick-args/package.json
486 verbose from cache /Users/shaogucheng/Desktop/code/yideng/yideng-book/node_modules/pump/package.json
487 verbose from cache /Users/shaogucheng/Desktop/code/yideng/yideng-book/node_modules/readable-stream/package.json
488 verbose from cache /Users/shaogucheng/Desktop/code/yideng/yideng-book/node_modules/readdirp/package.json
489 verbose from cache /Users/shaogucheng/Desktop/code/yideng/yideng-book/node_modules/regenerate/package.json
490 verbose from cache /Users/shaogucheng/Desktop/code/yideng/yideng-book/node_modules/regenerate-unicode-properties/package.json
491 verbose from cache /Users/shaogucheng/Desktop/code/yideng/yideng-book/node_modules/regenerator-transform/package.json
492 verbose from cache /Users/shaogucheng/Desktop/code/yideng/yideng-book/node_modules/regex-not/package.json
493 verbose from cache /Users/shaogucheng/Desktop/code/yideng/yideng-book/node_modules/regexp-tree/package.json
494 verbose from cache /Users/shaogucheng/Desktop/code/yideng/yideng-book/node_modules/regexpu-core/package.json
495 verbose from cache /Users/shaogucheng/Desktop/code/yideng/yideng-book/node_modules/regjsgen/package.json
496 verbose from cache /Users/shaogucheng/Desktop/code/yideng/yideng-book/node_modules/regjsparser/package.json
497 verbose from cache /Users/shaogucheng/Desktop/code/yideng/yideng-book/node_modules/remove-trailing-separator/package.json
498 verbose from cache /Users/shaogucheng/Desktop/code/yideng/yideng-book/node_modules/repeat-element/package.json
499 verbose from cache /Users/shaogucheng/Desktop/code/yideng/yideng-book/node_modules/repeat-string/package.json
500 verbose from cache /Users/shaogucheng/Desktop/code/yideng/yideng-book/node_modules/require-directory/package.json
501 verbose from cache /Users/shaogucheng/Desktop/code/yideng/yideng-book/node_modules/require-main-filename/package.json
502 verbose from cache /Users/shaogucheng/Desktop/code/yideng/yideng-book/node_modules/requizzle/package.json
503 verbose from cache /Users/shaogucheng/Desktop/code/yideng/yideng-book/node_modules/resolve/package.json
504 verbose from cache /Users/shaogucheng/Desktop/code/yideng/yideng-book/node_modules/resolve-path/package.json
505 verbose from cache /Users/shaogucheng/Desktop/code/yideng/yideng-book/node_modules/resolve-url/package.json
506 verbose from cache /Users/shaogucheng/Desktop/code/yideng/yideng-book/node_modules/ret/package.json
507 verbose from cache /Users/shaogucheng/Desktop/code/yideng/yideng-book/node_modules/rfdc/package.json
508 verbose from cache /Users/shaogucheng/Desktop/code/yideng/yideng-book/node_modules/right-align/package.json
509 verbose from cache /Users/shaogucheng/Desktop/code/yideng/yideng-book/node_modules/safe-buffer/package.json
510 verbose from cache /Users/shaogucheng/Desktop/code/yideng/yideng-book/node_modules/safe-regex/package.json
511 verbose from cache /Users/shaogucheng/Desktop/code/yideng/yideng-book/node_modules/semver/package.json
512 verbose from cache /Users/shaogucheng/Desktop/code/yideng/yideng-book/node_modules/set-blocking/package.json
513 verbose from cache /Users/shaogucheng/Desktop/code/yideng/yideng-book/node_modules/set-value/package.json
514 verbose from cache /Users/shaogucheng/Desktop/code/yideng/yideng-book/node_modules/setprototypeof/package.json
515 verbose from cache /Users/shaogucheng/Desktop/code/yideng/yideng-book/node_modules/shebang-command/package.json
516 verbose from cache /Users/shaogucheng/Desktop/code/yideng/yideng-book/node_modules/shebang-regex/package.json
517 verbose from cache /Users/shaogucheng/Desktop/code/yideng/yideng-book/node_modules/signal-exit/package.json
518 verbose from cache /Users/shaogucheng/Desktop/code/yideng/yideng-book/node_modules/slash/package.json
519 verbose from cache /Users/shaogucheng/Desktop/code/yideng/yideng-book/node_modules/snapdragon/package.json
520 verbose from cache /Users/shaogucheng/Desktop/code/yideng/yideng-book/node_modules/snapdragon-node/package.json
521 verbose from cache /Users/shaogucheng/Desktop/code/yideng/yideng-book/node_modules/snapdragon-util/package.json
522 verbose from cache /Users/shaogucheng/Desktop/code/yideng/yideng-book/node_modules/source-map/package.json
523 verbose from cache /Users/shaogucheng/Desktop/code/yideng/yideng-book/node_modules/source-map-resolve/package.json
524 verbose from cache /Users/shaogucheng/Desktop/code/yideng/yideng-book/node_modules/source-map-url/package.json
525 verbose from cache /Users/shaogucheng/Desktop/code/yideng/yideng-book/node_modules/split-string/package.json
526 verbose from cache /Users/shaogucheng/Desktop/code/yideng/yideng-book/node_modules/static-extend/package.json
527 verbose from cache /Users/shaogucheng/Desktop/code/yideng/yideng-book/node_modules/statuses/package.json
528 verbose from cache /Users/shaogucheng/Desktop/code/yideng/yideng-book/node_modules/streamroller/package.json
529 verbose from cache /Users/shaogucheng/Desktop/code/yideng/yideng-book/node_modules/string-width/package.json
530 verbose from cache /Users/shaogucheng/Desktop/code/yideng/yideng-book/node_modules/string_decoder/package.json
531 verbose from cache /Users/shaogucheng/Desktop/code/yideng/yideng-book/node_modules/strip-ansi/package.json
532 verbose from cache /Users/shaogucheng/Desktop/code/yideng/yideng-book/node_modules/strip-eof/package.json
533 verbose from cache /Users/shaogucheng/Desktop/code/yideng/yideng-book/node_modules/strip-json-comments/package.json
534 verbose from cache /Users/shaogucheng/Desktop/code/yideng/yideng-book/node_modules/supports-color/package.json
535 verbose from cache /Users/shaogucheng/Desktop/code/yideng/yideng-book/node_modules/swig-templates/package.json
536 verbose from cache /Users/shaogucheng/Desktop/code/yideng/yideng-book/node_modules/taffydb/package.json
537 verbose from cache /Users/shaogucheng/Desktop/code/yideng/yideng-book/node_modules/thenify/package.json
538 verbose from cache /Users/shaogucheng/Desktop/code/yideng/yideng-book/node_modules/thenify-all/package.json
539 verbose from cache /Users/shaogucheng/Desktop/code/yideng/yideng-book/node_modules/to-fast-properties/package.json
540 verbose from cache /Users/shaogucheng/Desktop/code/yideng/yideng-book/node_modules/to-object-path/package.json
541 verbose from cache /Users/shaogucheng/Desktop/code/yideng/yideng-book/node_modules/to-regex/package.json
542 verbose from cache /Users/shaogucheng/Desktop/code/yideng/yideng-book/node_modules/to-regex-range/package.json
543 verbose from cache /Users/shaogucheng/Desktop/code/yideng/yideng-book/node_modules/toidentifier/package.json
544 verbose from cache /Users/shaogucheng/Desktop/code/yideng/yideng-book/node_modules/trim-right/package.json
545 verbose from cache /Users/shaogucheng/Desktop/code/yideng/yideng-book/node_modules/type-is/package.json
546 verbose from cache /Users/shaogucheng/Desktop/code/yideng/yideng-book/node_modules/uglify-js/package.json
547 verbose from cache /Users/shaogucheng/Desktop/code/yideng/yideng-book/node_modules/uglify-to-browserify/package.json
548 verbose from cache /Users/shaogucheng/Desktop/code/yideng/yideng-book/node_modules/underscore/package.json
549 verbose from cache /Users/shaogucheng/Desktop/code/yideng/yideng-book/node_modules/underscore-contrib/package.json
550 verbose from cache /Users/shaogucheng/Desktop/code/yideng/yideng-book/node_modules/unicode-canonical-property-names-ecmascript/package.json
551 verbose from cache /Users/shaogucheng/Desktop/code/yideng/yideng-book/node_modules/unicode-match-property-ecmascript/package.json
552 verbose from cache /Users/shaogucheng/Desktop/code/yideng/yideng-book/node_modules/unicode-match-property-value-ecmascript/package.json
553 verbose from cache /Users/shaogucheng/Desktop/code/yideng/yideng-book/node_modules/unicode-property-aliases-ecmascript/package.json
554 verbose from cache /Users/shaogucheng/Desktop/code/yideng/yideng-book/node_modules/union-value/package.json
555 verbose from cache /Users/shaogucheng/Desktop/code/yideng/yideng-book/node_modules/universalify/package.json
556 verbose from cache /Users/shaogucheng/Desktop/code/yideng/yideng-book/node_modules/unset-value/package.json
557 verbose from cache /Users/shaogucheng/Desktop/code/yideng/yideng-book/node_modules/upath/package.json
558 verbose from cache /Users/shaogucheng/Desktop/code/yideng/yideng-book/node_modules/urix/package.json
559 verbose from cache /Users/shaogucheng/Desktop/code/yideng/yideng-book/node_modules/use/package.json
560 verbose from cache /Users/shaogucheng/Desktop/code/yideng/yideng-book/node_modules/util-deprecate/package.json
561 verbose from cache /Users/shaogucheng/Desktop/code/yideng/yideng-book/node_modules/utils-merge/package.json
562 verbose from cache /Users/shaogucheng/Desktop/code/yideng/yideng-book/node_modules/vary/package.json
563 verbose from cache /Users/shaogucheng/Desktop/code/yideng/yideng-book/node_modules/which/package.json
564 verbose from cache /Users/shaogucheng/Desktop/code/yideng/yideng-book/node_modules/which-module/package.json
565 verbose from cache /Users/shaogucheng/Desktop/code/yideng/yideng-book/node_modules/window-size/package.json
566 verbose from cache /Users/shaogucheng/Desktop/code/yideng/yideng-book/node_modules/wordwrap/package.json
567 verbose from cache /Users/shaogucheng/Desktop/code/yideng/yideng-book/node_modules/wrap-ansi/package.json
568 verbose from cache /Users/shaogucheng/Desktop/code/yideng/yideng-book/node_modules/wrappy/package.json
569 verbose from cache /Users/shaogucheng/Desktop/code/yideng/yideng-book/node_modules/xmlcreate/package.json
570 verbose from cache /Users/shaogucheng/Desktop/code/yideng/yideng-book/node_modules/y18n/package.json
571 verbose from cache /Users/shaogucheng/Desktop/code/yideng/yideng-book/node_modules/yargs/package.json
572 verbose from cache /Users/shaogucheng/Desktop/code/yideng/yideng-book/node_modules/yargs-parser/package.json
573 verbose from cache /Users/shaogucheng/Desktop/code/yideng/yideng-book/node_modules/ylru/package.json
574 verbose cache add [ 'koa-simple-router@^0.2.0', null ]
575 verbose cache add name=undefined spec="koa-simple-router@^0.2.0" args=["koa-simple-router@^0.2.0",null]
576 verbose parsed url { protocol: null,
576 verbose parsed url   slashes: null,
576 verbose parsed url   auth: null,
576 verbose parsed url   host: null,
576 verbose parsed url   port: null,
576 verbose parsed url   hostname: null,
576 verbose parsed url   hash: null,
576 verbose parsed url   search: null,
576 verbose parsed url   query: null,
576 verbose parsed url   pathname: 'koa-simple-router@^0.2.0',
576 verbose parsed url   path: 'koa-simple-router@^0.2.0',
576 verbose parsed url   href: 'koa-simple-router@^0.2.0' }
577 verbose cache add name="koa-simple-router" spec="^0.2.0" args=["koa-simple-router","^0.2.0"]
578 verbose parsed url { protocol: null,
578 verbose parsed url   slashes: null,
578 verbose parsed url   auth: null,
578 verbose parsed url   host: null,
578 verbose parsed url   port: null,
578 verbose parsed url   hostname: null,
578 verbose parsed url   hash: null,
578 verbose parsed url   search: null,
578 verbose parsed url   query: null,
578 verbose parsed url   pathname: '^0.2.0',
578 verbose parsed url   path: '^0.2.0',
578 verbose parsed url   href: '^0.2.0' }
579 verbose addNamed [ 'koa-simple-router', '^0.2.0' ]
580 verbose addNamed [ null, null ]
581 verbose cache add [ 'koa@^2.7.0', null ]
582 verbose cache add name=undefined spec="koa@^2.7.0" args=["koa@^2.7.0",null]
583 verbose parsed url { protocol: null,
583 verbose parsed url   slashes: null,
583 verbose parsed url   auth: null,
583 verbose parsed url   host: null,
583 verbose parsed url   port: null,
583 verbose parsed url   hostname: null,
583 verbose parsed url   hash: null,
583 verbose parsed url   search: null,
583 verbose parsed url   query: null,
583 verbose parsed url   pathname: 'koa@^2.7.0',
583 verbose parsed url   path: 'koa@^2.7.0',
583 verbose parsed url   href: 'koa@^2.7.0' }
584 verbose cache add name="koa" spec="^2.7.0" args=["koa","^2.7.0"]
585 verbose parsed url { protocol: null,
585 verbose parsed url   slashes: null,
585 verbose parsed url   auth: null,
585 verbose parsed url   host: null,
585 verbose parsed url   port: null,
585 verbose parsed url   hostname: null,
585 verbose parsed url   hash: null,
585 verbose parsed url   search: null,
585 verbose parsed url   query: null,
585 verbose parsed url   pathname: '^2.7.0',
585 verbose parsed url   path: '^2.7.0',
585 verbose parsed url   href: '^2.7.0' }
586 verbose addNamed [ 'koa', '^2.7.0' ]
587 verbose addNamed [ null, null ]
588 verbose cache add [ 'koa-swig@^2.2.1', null ]
589 verbose cache add name=undefined spec="koa-swig@^2.2.1" args=["koa-swig@^2.2.1",null]
590 verbose parsed url { protocol: null,
590 verbose parsed url   slashes: null,
590 verbose parsed url   auth: null,
590 verbose parsed url   host: null,
590 verbose parsed url   port: null,
590 verbose parsed url   hostname: null,
590 verbose parsed url   hash: null,
590 verbose parsed url   search: null,
590 verbose parsed url   query: null,
590 verbose parsed url   pathname: 'koa-swig@^2.2.1',
590 verbose parsed url   path: 'koa-swig@^2.2.1',
590 verbose parsed url   href: 'koa-swig@^2.2.1' }
591 verbose cache add name="koa-swig" spec="^2.2.1" args=["koa-swig","^2.2.1"]
592 verbose parsed url { protocol: null,
592 verbose parsed url   slashes: null,
592 verbose parsed url   auth: null,
592 verbose parsed url   host: null,
592 verbose parsed url   port: null,
592 verbose parsed url   hostname: null,
592 verbose parsed url   hash: null,
592 verbose parsed url   search: null,
592 verbose parsed url   query: null,
592 verbose parsed url   pathname: '^2.2.1',
592 verbose parsed url   path: '^2.2.1',
592 verbose parsed url   href: '^2.2.1' }
593 verbose addNamed [ 'koa-swig', '^2.2.1' ]
594 verbose addNamed [ null, null ]
595 verbose cache add [ 'lodash@^4.17.11', null ]
596 verbose cache add name=undefined spec="lodash@^4.17.11" args=["lodash@^4.17.11",null]
597 verbose parsed url { protocol: null,
597 verbose parsed url   slashes: null,
597 verbose parsed url   auth: null,
597 verbose parsed url   host: null,
597 verbose parsed url   port: null,
597 verbose parsed url   hostname: null,
597 verbose parsed url   hash: null,
597 verbose parsed url   search: null,
597 verbose parsed url   query: null,
597 verbose parsed url   pathname: 'lodash@^4.17.11',
597 verbose parsed url   path: 'lodash@^4.17.11',
597 verbose parsed url   href: 'lodash@^4.17.11' }
598 verbose cache add name="lodash" spec="^4.17.11" args=["lodash","^4.17.11"]
599 verbose parsed url { protocol: null,
599 verbose parsed url   slashes: null,
599 verbose parsed url   auth: null,
599 verbose parsed url   host: null,
599 verbose parsed url   port: null,
599 verbose parsed url   hostname: null,
599 verbose parsed url   hash: null,
599 verbose parsed url   search: null,
599 verbose parsed url   query: null,
599 verbose parsed url   pathname: '^4.17.11',
599 verbose parsed url   path: '^4.17.11',
599 verbose parsed url   href: '^4.17.11' }
600 verbose addNamed [ 'lodash', '^4.17.11' ]
601 verbose addNamed [ null, null ]
602 verbose cache add [ 'log4js@^4.0.2', null ]
603 verbose cache add name=undefined spec="log4js@^4.0.2" args=["log4js@^4.0.2",null]
604 verbose parsed url { protocol: null,
604 verbose parsed url   slashes: null,
604 verbose parsed url   auth: null,
604 verbose parsed url   host: null,
604 verbose parsed url   port: null,
604 verbose parsed url   hostname: null,
604 verbose parsed url   hash: null,
604 verbose parsed url   search: null,
604 verbose parsed url   query: null,
604 verbose parsed url   pathname: 'log4js@^4.0.2',
604 verbose parsed url   path: 'log4js@^4.0.2',
604 verbose parsed url   href: 'log4js@^4.0.2' }
605 verbose cache add name="log4js" spec="^4.0.2" args=["log4js","^4.0.2"]
606 verbose parsed url { protocol: null,
606 verbose parsed url   slashes: null,
606 verbose parsed url   auth: null,
606 verbose parsed url   host: null,
606 verbose parsed url   port: null,
606 verbose parsed url   hostname: null,
606 verbose parsed url   hash: null,
606 verbose parsed url   search: null,
606 verbose parsed url   query: null,
606 verbose parsed url   pathname: '^4.0.2',
606 verbose parsed url   path: '^4.0.2',
606 verbose parsed url   href: '^4.0.2' }
607 verbose addNamed [ 'log4js', '^4.0.2' ]
608 verbose addNamed [ null, null ]
609 verbose cache add [ '@babel/cli@^7.2.3', null ]
610 verbose cache add name=undefined spec="@babel/cli@^7.2.3" args=["@babel/cli@^7.2.3",null]
611 verbose parsed url { protocol: null,
611 verbose parsed url   slashes: null,
611 verbose parsed url   auth: null,
611 verbose parsed url   host: null,
611 verbose parsed url   port: null,
611 verbose parsed url   hostname: null,
611 verbose parsed url   hash: null,
611 verbose parsed url   search: null,
611 verbose parsed url   query: null,
611 verbose parsed url   pathname: '@babel/cli@^7.2.3',
611 verbose parsed url   path: '@babel/cli@^7.2.3',
611 verbose parsed url   href: '@babel/cli@^7.2.3' }
612 verbose cache add name="" spec="babel/cli@^7.2.3" args=["","babel/cli@^7.2.3"]
613 verbose parsed url { protocol: null,
613 verbose parsed url   slashes: null,
613 verbose parsed url   auth: null,
613 verbose parsed url   host: null,
613 verbose parsed url   port: null,
613 verbose parsed url   hostname: null,
613 verbose parsed url   hash: null,
613 verbose parsed url   search: null,
613 verbose parsed url   query: null,
613 verbose parsed url   pathname: 'babel/cli@^7.2.3',
613 verbose parsed url   path: 'babel/cli@^7.2.3',
613 verbose parsed url   href: 'babel/cli@^7.2.3' }
614 verbose cache add name="babel/cli" spec="^7.2.3" args=["babel/cli","^7.2.3"]
615 verbose parsed url { protocol: null,
615 verbose parsed url   slashes: null,
615 verbose parsed url   auth: null,
615 verbose parsed url   host: null,
615 verbose parsed url   port: null,
615 verbose parsed url   hostname: null,
615 verbose parsed url   hash: null,
615 verbose parsed url   search: null,
615 verbose parsed url   query: null,
615 verbose parsed url   pathname: '^7.2.3',
615 verbose parsed url   path: '^7.2.3',
615 verbose parsed url   href: '^7.2.3' }
616 verbose addNamed [ 'babel/cli', '^7.2.3' ]
617 verbose addNamed [ null, null ]
618 verbose cache add [ '@babel/core@^7.2.2', null ]
619 verbose cache add name=undefined spec="@babel/core@^7.2.2" args=["@babel/core@^7.2.2",null]
620 verbose parsed url { protocol: null,
620 verbose parsed url   slashes: null,
620 verbose parsed url   auth: null,
620 verbose parsed url   host: null,
620 verbose parsed url   port: null,
620 verbose parsed url   hostname: null,
620 verbose parsed url   hash: null,
620 verbose parsed url   search: null,
620 verbose parsed url   query: null,
620 verbose parsed url   pathname: '@babel/core@^7.2.2',
620 verbose parsed url   path: '@babel/core@^7.2.2',
620 verbose parsed url   href: '@babel/core@^7.2.2' }
621 verbose cache add name="" spec="babel/core@^7.2.2" args=["","babel/core@^7.2.2"]
622 verbose parsed url { protocol: null,
622 verbose parsed url   slashes: null,
622 verbose parsed url   auth: null,
622 verbose parsed url   host: null,
622 verbose parsed url   port: null,
622 verbose parsed url   hostname: null,
622 verbose parsed url   hash: null,
622 verbose parsed url   search: null,
622 verbose parsed url   query: null,
622 verbose parsed url   pathname: 'babel/core@^7.2.2',
622 verbose parsed url   path: 'babel/core@^7.2.2',
622 verbose parsed url   href: 'babel/core@^7.2.2' }
623 verbose cache add name="babel/core" spec="^7.2.2" args=["babel/core","^7.2.2"]
624 verbose parsed url { protocol: null,
624 verbose parsed url   slashes: null,
624 verbose parsed url   auth: null,
624 verbose parsed url   host: null,
624 verbose parsed url   port: null,
624 verbose parsed url   hostname: null,
624 verbose parsed url   hash: null,
624 verbose parsed url   search: null,
624 verbose parsed url   query: null,
624 verbose parsed url   pathname: '^7.2.2',
624 verbose parsed url   path: '^7.2.2',
624 verbose parsed url   href: '^7.2.2' }
625 verbose addNamed [ 'babel/core', '^7.2.2' ]
626 verbose addNamed [ null, null ]
627 verbose cache add [ '@babel/preset-env@^7.3.1', null ]
628 verbose cache add name=undefined spec="@babel/preset-env@^7.3.1" args=["@babel/preset-env@^7.3.1",null]
629 verbose parsed url { protocol: null,
629 verbose parsed url   slashes: null,
629 verbose parsed url   auth: null,
629 verbose parsed url   host: null,
629 verbose parsed url   port: null,
629 verbose parsed url   hostname: null,
629 verbose parsed url   hash: null,
629 verbose parsed url   search: null,
629 verbose parsed url   query: null,
629 verbose parsed url   pathname: '@babel/preset-env@^7.3.1',
629 verbose parsed url   path: '@babel/preset-env@^7.3.1',
629 verbose parsed url   href: '@babel/preset-env@^7.3.1' }
630 verbose cache add name="" spec="babel/preset-env@^7.3.1" args=["","babel/preset-env@^7.3.1"]
631 verbose parsed url { protocol: null,
631 verbose parsed url   slashes: null,
631 verbose parsed url   auth: null,
631 verbose parsed url   host: null,
631 verbose parsed url   port: null,
631 verbose parsed url   hostname: null,
631 verbose parsed url   hash: null,
631 verbose parsed url   search: null,
631 verbose parsed url   query: null,
631 verbose parsed url   pathname: 'babel/preset-env@^7.3.1',
631 verbose parsed url   path: 'babel/preset-env@^7.3.1',
631 verbose parsed url   href: 'babel/preset-env@^7.3.1' }
632 verbose cache add name="babel/preset-env" spec="^7.3.1" args=["babel/preset-env","^7.3.1"]
633 verbose parsed url { protocol: null,
633 verbose parsed url   slashes: null,
633 verbose parsed url   auth: null,
633 verbose parsed url   host: null,
633 verbose parsed url   port: null,
633 verbose parsed url   hostname: null,
633 verbose parsed url   hash: null,
633 verbose parsed url   search: null,
633 verbose parsed url   query: null,
633 verbose parsed url   pathname: '^7.3.1',
633 verbose parsed url   path: '^7.3.1',
633 verbose parsed url   href: '^7.3.1' }
634 verbose addNamed [ 'babel/preset-env', '^7.3.1' ]
635 verbose addNamed [ null, null ]
636 silly lockFile 39bec5ce-koa-simple-router-0-2-0 koa-simple-router@^0.2.0
637 verbose lock koa-simple-router@^0.2.0 /Users/shaogucheng/.npm/39bec5ce-koa-simple-router-0-2-0.lock
638 silly lockFile a93fbc00-koa-2-7-0 koa@^2.7.0
639 verbose lock koa@^2.7.0 /Users/shaogucheng/.npm/a93fbc00-koa-2-7-0.lock
640 verbose cache add [ 'jsdoc@^3.5.5', null ]
641 verbose cache add name=undefined spec="jsdoc@^3.5.5" args=["jsdoc@^3.5.5",null]
642 verbose parsed url { protocol: null,
642 verbose parsed url   slashes: null,
642 verbose parsed url   auth: null,
642 verbose parsed url   host: null,
642 verbose parsed url   port: null,
642 verbose parsed url   hostname: null,
642 verbose parsed url   hash: null,
642 verbose parsed url   search: null,
642 verbose parsed url   query: null,
642 verbose parsed url   pathname: 'jsdoc@^3.5.5',
642 verbose parsed url   path: 'jsdoc@^3.5.5',
642 verbose parsed url   href: 'jsdoc@^3.5.5' }
643 verbose cache add name="jsdoc" spec="^3.5.5" args=["jsdoc","^3.5.5"]
644 verbose parsed url { protocol: null,
644 verbose parsed url   slashes: null,
644 verbose parsed url   auth: null,
644 verbose parsed url   host: null,
644 verbose parsed url   port: null,
644 verbose parsed url   hostname: null,
644 verbose parsed url   hash: null,
644 verbose parsed url   search: null,
644 verbose parsed url   query: null,
644 verbose parsed url   pathname: '^3.5.5',
644 verbose parsed url   path: '^3.5.5',
644 verbose parsed url   href: '^3.5.5' }
645 verbose addNamed [ 'jsdoc', '^3.5.5' ]
646 verbose addNamed [ null, null ]
647 silly lockFile f5a69a7b-jsdoc-3-5-5 jsdoc@^3.5.5
648 verbose lock jsdoc@^3.5.5 /Users/shaogucheng/.npm/f5a69a7b-jsdoc-3-5-5.lock
649 verbose cache add [ 'koa-static@^5.0.0', null ]
650 verbose cache add name=undefined spec="koa-static@^5.0.0" args=["koa-static@^5.0.0",null]
651 verbose parsed url { protocol: null,
651 verbose parsed url   slashes: null,
651 verbose parsed url   auth: null,
651 verbose parsed url   host: null,
651 verbose parsed url   port: null,
651 verbose parsed url   hostname: null,
651 verbose parsed url   hash: null,
651 verbose parsed url   search: null,
651 verbose parsed url   query: null,
651 verbose parsed url   pathname: 'koa-static@^5.0.0',
651 verbose parsed url   path: 'koa-static@^5.0.0',
651 verbose parsed url   href: 'koa-static@^5.0.0' }
652 verbose cache add name="koa-static" spec="^5.0.0" args=["koa-static","^5.0.0"]
653 verbose parsed url { protocol: null,
653 verbose parsed url   slashes: null,
653 verbose parsed url   auth: null,
653 verbose parsed url   host: null,
653 verbose parsed url   port: null,
653 verbose parsed url   hostname: null,
653 verbose parsed url   hash: null,
653 verbose parsed url   search: null,
653 verbose parsed url   query: null,
653 verbose parsed url   pathname: '^5.0.0',
653 verbose parsed url   path: '^5.0.0',
653 verbose parsed url   href: '^5.0.0' }
654 verbose addNamed [ 'koa-static', '^5.0.0' ]
655 verbose addNamed [ null, null ]
656 silly lockFile 57f3019c-koa-static-5-0-0 koa-static@^5.0.0
657 verbose lock koa-static@^5.0.0 /Users/shaogucheng/.npm/57f3019c-koa-static-5-0-0.lock
658 verbose cache add [ 'node-fetch@^2.3.0', null ]
659 verbose cache add name=undefined spec="node-fetch@^2.3.0" args=["node-fetch@^2.3.0",null]
660 verbose parsed url { protocol: null,
660 verbose parsed url   slashes: null,
660 verbose parsed url   auth: null,
660 verbose parsed url   host: null,
660 verbose parsed url   port: null,
660 verbose parsed url   hostname: null,
660 verbose parsed url   hash: null,
660 verbose parsed url   search: null,
660 verbose parsed url   query: null,
660 verbose parsed url   pathname: 'node-fetch@^2.3.0',
660 verbose parsed url   path: 'node-fetch@^2.3.0',
660 verbose parsed url   href: 'node-fetch@^2.3.0' }
661 verbose cache add name="node-fetch" spec="^2.3.0" args=["node-fetch","^2.3.0"]
662 verbose parsed url { protocol: null,
662 verbose parsed url   slashes: null,
662 verbose parsed url   auth: null,
662 verbose parsed url   host: null,
662 verbose parsed url   port: null,
662 verbose parsed url   hostname: null,
662 verbose parsed url   hash: null,
662 verbose parsed url   search: null,
662 verbose parsed url   query: null,
662 verbose parsed url   pathname: '^2.3.0',
662 verbose parsed url   path: '^2.3.0',
662 verbose parsed url   href: '^2.3.0' }
663 verbose addNamed [ 'node-fetch', '^2.3.0' ]
664 verbose addNamed [ null, null ]
665 silly lockFile 7912f67c-node-fetch-2-3-0 node-fetch@^2.3.0
666 verbose lock node-fetch@^2.3.0 /Users/shaogucheng/.npm/7912f67c-node-fetch-2-3-0.lock
667 verbose cache add [ 'co@^4.6.0', null ]
668 verbose cache add name=undefined spec="co@^4.6.0" args=["co@^4.6.0",null]
669 verbose parsed url { protocol: null,
669 verbose parsed url   slashes: null,
669 verbose parsed url   auth: null,
669 verbose parsed url   host: null,
669 verbose parsed url   port: null,
669 verbose parsed url   hostname: null,
669 verbose parsed url   hash: null,
669 verbose parsed url   search: null,
669 verbose parsed url   query: null,
669 verbose parsed url   pathname: 'co@^4.6.0',
669 verbose parsed url   path: 'co@^4.6.0',
669 verbose parsed url   href: 'co@^4.6.0' }
670 verbose cache add name="co" spec="^4.6.0" args=["co","^4.6.0"]
671 verbose parsed url { protocol: null,
671 verbose parsed url   slashes: null,
671 verbose parsed url   auth: null,
671 verbose parsed url   host: null,
671 verbose parsed url   port: null,
671 verbose parsed url   hostname: null,
671 verbose parsed url   hash: null,
671 verbose parsed url   search: null,
671 verbose parsed url   query: null,
671 verbose parsed url   pathname: '^4.6.0',
671 verbose parsed url   path: '^4.6.0',
671 verbose parsed url   href: '^4.6.0' }
672 verbose addNamed [ 'co', '^4.6.0' ]
673 verbose addNamed [ null, null ]
674 silly lockFile 4ce3e861-co-4-6-0 co@^4.6.0
675 verbose lock co@^4.6.0 /Users/shaogucheng/.npm/4ce3e861-co-4-6-0.lock
676 verbose cache add [ 'cross-env@^5.2.0', null ]
677 verbose cache add name=undefined spec="cross-env@^5.2.0" args=["cross-env@^5.2.0",null]
678 verbose parsed url { protocol: null,
678 verbose parsed url   slashes: null,
678 verbose parsed url   auth: null,
678 verbose parsed url   host: null,
678 verbose parsed url   port: null,
678 verbose parsed url   hostname: null,
678 verbose parsed url   hash: null,
678 verbose parsed url   search: null,
678 verbose parsed url   query: null,
678 verbose parsed url   pathname: 'cross-env@^5.2.0',
678 verbose parsed url   path: 'cross-env@^5.2.0',
678 verbose parsed url   href: 'cross-env@^5.2.0' }
679 verbose cache add name="cross-env" spec="^5.2.0" args=["cross-env","^5.2.0"]
680 verbose parsed url { protocol: null,
680 verbose parsed url   slashes: null,
680 verbose parsed url   auth: null,
680 verbose parsed url   host: null,
680 verbose parsed url   port: null,
680 verbose parsed url   hostname: null,
680 verbose parsed url   hash: null,
680 verbose parsed url   search: null,
680 verbose parsed url   query: null,
680 verbose parsed url   pathname: '^5.2.0',
680 verbose parsed url   path: '^5.2.0',
680 verbose parsed url   href: '^5.2.0' }
681 verbose addNamed [ 'cross-env', '^5.2.0' ]
682 verbose addNamed [ null, null ]
683 silly lockFile 0de8cae4-cross-env-5-2-0 cross-env@^5.2.0
684 verbose lock cross-env@^5.2.0 /Users/shaogucheng/.npm/0de8cae4-cross-env-5-2-0.lock
685 info addNameTag [ 'koa-simple-router', '^0.2.0' ]
686 silly lockFile 91aa61d1-koa-swig-2-2-1 koa-swig@^2.2.1
687 verbose lock koa-swig@^2.2.1 /Users/shaogucheng/.npm/91aa61d1-koa-swig-2-2-1.lock
688 info addNameTag [ 'koa', '^2.7.0' ]
689 silly lockFile 93acb1ac-lodash-4-17-11 lodash@^4.17.11
690 verbose lock lodash@^4.17.11 /Users/shaogucheng/.npm/93acb1ac-lodash-4-17-11.lock
691 silly lockFile 62fd2c0b-log4js-4-0-2 log4js@^4.0.2
692 verbose lock log4js@^4.0.2 /Users/shaogucheng/.npm/62fd2c0b-log4js-4-0-2.lock
693 silly lockFile dbd9d202-babel-cli-7-2-3 babel/cli@^7.2.3
694 verbose lock babel/cli@^7.2.3 /Users/shaogucheng/.npm/dbd9d202-babel-cli-7-2-3.lock
695 silly lockFile 51d530d4-babel-core-7-2-2 babel/core@^7.2.2
696 verbose lock babel/core@^7.2.2 /Users/shaogucheng/.npm/51d530d4-babel-core-7-2-2.lock
697 silly lockFile 3194af6a-babel-preset-env-7-3-1 babel/preset-env@^7.3.1
698 verbose lock babel/preset-env@^7.3.1 /Users/shaogucheng/.npm/3194af6a-babel-preset-env-7-3-1.lock
699 info addNameTag [ 'jsdoc', '^3.5.5' ]
700 info addNameTag [ 'koa-static', '^5.0.0' ]
701 info addNameTag [ 'node-fetch', '^2.3.0' ]
702 info addNameTag [ 'co', '^4.6.0' ]
703 verbose url raw koa-simple-router
704 verbose url resolving [ 'https://registry.npmjs.org/', './koa-simple-router' ]
705 verbose url resolved https://registry.npmjs.org/koa-simple-router
706 info trying registry request attempt 1 at 23:13:54
707 http GET https://registry.npmjs.org/koa-simple-router
708 info addNameTag [ 'koa-swig', '^2.2.1' ]
709 verbose url raw koa
710 verbose url resolving [ 'https://registry.npmjs.org/', './koa' ]
711 verbose url resolved https://registry.npmjs.org/koa
712 info trying registry request attempt 1 at 23:13:54
713 http GET https://registry.npmjs.org/koa
714 info addNameTag [ 'lodash', '^4.17.11' ]
715 info addNameTag [ 'cross-env', '^5.2.0' ]
716 info addNameTag [ 'log4js', '^4.0.2' ]
717 info addNameTag [ 'babel/cli', '^7.2.3' ]
718 info addNameTag [ 'babel/core', '^7.2.2' ]
719 info addNameTag [ 'babel/preset-env', '^7.3.1' ]
720 verbose url raw jsdoc
721 verbose url resolving [ 'https://registry.npmjs.org/', './jsdoc' ]
722 verbose url resolved https://registry.npmjs.org/jsdoc
723 info trying registry request attempt 1 at 23:13:54
724 http GET https://registry.npmjs.org/jsdoc
725 verbose url raw koa-static
726 verbose url resolving [ 'https://registry.npmjs.org/', './koa-static' ]
727 verbose url resolved https://registry.npmjs.org/koa-static
728 info trying registry request attempt 1 at 23:13:54
729 http GET https://registry.npmjs.org/koa-static
730 verbose url raw node-fetch
731 verbose url resolving [ 'https://registry.npmjs.org/', './node-fetch' ]
732 verbose url resolved https://registry.npmjs.org/node-fetch
733 info trying registry request attempt 1 at 23:13:54
734 http GET https://registry.npmjs.org/node-fetch
735 verbose url raw co
736 verbose url resolving [ 'https://registry.npmjs.org/', './co' ]
737 verbose url resolved https://registry.npmjs.org/co
738 info trying registry request attempt 1 at 23:13:54
739 http GET https://registry.npmjs.org/co
740 verbose url raw koa-swig
741 verbose url resolving [ 'https://registry.npmjs.org/', './koa-swig' ]
742 verbose url resolved https://registry.npmjs.org/koa-swig
743 info trying registry request attempt 1 at 23:13:54
744 http GET https://registry.npmjs.org/koa-swig
745 verbose url raw lodash
746 verbose url resolving [ 'https://registry.npmjs.org/', './lodash' ]
747 verbose url resolved https://registry.npmjs.org/lodash
748 info trying registry request attempt 1 at 23:13:54
749 http GET https://registry.npmjs.org/lodash
750 verbose url raw cross-env
751 verbose url resolving [ 'https://registry.npmjs.org/', './cross-env' ]
752 verbose url resolved https://registry.npmjs.org/cross-env
753 info trying registry request attempt 1 at 23:13:54
754 http GET https://registry.npmjs.org/cross-env
755 verbose url raw log4js
756 verbose url resolving [ 'https://registry.npmjs.org/', './log4js' ]
757 verbose url resolved https://registry.npmjs.org/log4js
758 info trying registry request attempt 1 at 23:13:54
759 http GET https://registry.npmjs.org/log4js
760 verbose url raw babel/cli
761 verbose url resolving [ 'https://registry.npmjs.org/', './babel/cli' ]
762 verbose url resolved https://registry.npmjs.org/babel/cli
763 info trying registry request attempt 1 at 23:13:54
764 http GET https://registry.npmjs.org/babel/cli
765 verbose url raw babel/core
766 verbose url resolving [ 'https://registry.npmjs.org/', './babel/core' ]
767 verbose url resolved https://registry.npmjs.org/babel/core
768 info trying registry request attempt 1 at 23:13:54
769 http GET https://registry.npmjs.org/babel/core
770 verbose url raw babel/preset-env
771 verbose url resolving [ 'https://registry.npmjs.org/', './babel/preset-env' ]
772 verbose url resolved https://registry.npmjs.org/babel/preset-env
773 info trying registry request attempt 1 at 23:13:54
774 http GET https://registry.npmjs.org/babel/preset-env
775 info retry will retry, error on last attempt: Error: CERT_UNTRUSTED
776 info retry will retry, error on last attempt: Error: CERT_UNTRUSTED
777 info retry will retry, error on last attempt: Error: CERT_UNTRUSTED
778 info retry will retry, error on last attempt: Error: CERT_UNTRUSTED
779 info retry will retry, error on last attempt: Error: CERT_UNTRUSTED
780 info retry will retry, error on last attempt: Error: CERT_UNTRUSTED
781 info retry will retry, error on last attempt: Error: CERT_UNTRUSTED
782 info retry will retry, error on last attempt: Error: CERT_UNTRUSTED
783 info retry will retry, error on last attempt: Error: CERT_UNTRUSTED
784 info retry will retry, error on last attempt: Error: CERT_UNTRUSTED
785 info retry will retry, error on last attempt: Error: CERT_UNTRUSTED
786 info retry will retry, error on last attempt: Error: CERT_UNTRUSTED
787 info retry will retry, error on last attempt: Error: CERT_UNTRUSTED
788 info trying registry request attempt 2 at 23:14:04
789 http GET https://registry.npmjs.org/koa-simple-router
790 info trying registry request attempt 2 at 23:14:04
791 http GET https://registry.npmjs.org/node-fetch
792 info trying registry request attempt 2 at 23:14:04
793 http GET https://registry.npmjs.org/koa
794 info trying registry request attempt 2 at 23:14:05
795 http GET https://registry.npmjs.org/co
796 info trying registry request attempt 2 at 23:14:05
797 http GET https://registry.npmjs.org/koa-swig
798 info retry will retry, error on last attempt: Error: CERT_UNTRUSTED
799 info retry will retry, error on last attempt: Error: CERT_UNTRUSTED
800 info trying registry request attempt 2 at 23:14:05
801 http GET https://registry.npmjs.org/koa-static
802 info retry will retry, error on last attempt: Error: CERT_UNTRUSTED
803 info trying registry request attempt 2 at 23:14:05
804 http GET https://registry.npmjs.org/log4js
805 info retry will retry, error on last attempt: Error: CERT_UNTRUSTED
806 info trying registry request attempt 2 at 23:14:06
807 http GET https://registry.npmjs.org/babel/cli
808 info retry will retry, error on last attempt: Error: CERT_UNTRUSTED
809 info trying registry request attempt 2 at 23:14:06
810 http GET https://registry.npmjs.org/cross-env
811 info trying registry request attempt 2 at 23:14:06
812 http GET https://registry.npmjs.org/jsdoc
813 info retry will retry, error on last attempt: Error: CERT_UNTRUSTED
814 info trying registry request attempt 2 at 23:14:07
815 http GET https://registry.npmjs.org/babel/preset-env
816 info trying registry request attempt 2 at 23:14:07
817 http GET https://registry.npmjs.org/lodash
818 info retry will retry, error on last attempt: Error: CERT_UNTRUSTED
819 info trying registry request attempt 2 at 23:14:07
820 http GET https://registry.npmjs.org/babel/core
821 info retry will retry, error on last attempt: Error: CERT_UNTRUSTED
822 info retry will retry, error on last attempt: Error: CERT_UNTRUSTED
823 info retry will retry, error on last attempt: Error: CERT_UNTRUSTED
824 info retry will retry, error on last attempt: Error: CERT_UNTRUSTED
825 info retry will retry, error on last attempt: Error: CERT_UNTRUSTED
826 info retry will retry, error on last attempt: Error: CERT_UNTRUSTED
827 info trying registry request attempt 3 at 23:15:05
828 http GET https://registry.npmjs.org/koa-simple-router
829 info trying registry request attempt 3 at 23:15:05
830 http GET https://registry.npmjs.org/node-fetch
831 info trying registry request attempt 3 at 23:15:05
832 http GET https://registry.npmjs.org/koa-swig
833 info trying registry request attempt 3 at 23:15:06
834 http GET https://registry.npmjs.org/koa-static
835 info trying registry request attempt 3 at 23:15:06
836 http GET https://registry.npmjs.org/koa
837 info trying registry request attempt 3 at 23:15:06
838 http GET https://registry.npmjs.org/co
839 silly lockFile 57f3019c-koa-static-5-0-0 koa-static@^5.0.0
840 silly lockFile 57f3019c-koa-static-5-0-0 koa-static@^5.0.0
841 error Error: CERT_UNTRUSTED
841 error     at SecurePair.<anonymous> (tls.js:1283:32)
841 error     at SecurePair.EventEmitter.emit (events.js:92:17)
841 error     at SecurePair.maybeInitFinished (tls.js:896:10)
841 error     at CleartextStream.read [as _read] (tls.js:430:15)
841 error     at CleartextStream.Readable.read (_stream_readable.js:294:10)
841 error     at EncryptedStream.write [as _write] (tls.js:344:25)
841 error     at doWrite (_stream_writable.js:211:10)
841 error     at writeOrBuffer (_stream_writable.js:201:5)
841 error     at EncryptedStream.Writable.write (_stream_writable.js:172:11)
841 error     at write (_stream_readable.js:547:24)
841 error     at flow (_stream_readable.js:556:7)
841 error     at Socket.pipeOnReadable (_stream_readable.js:588:5)
842 error If you need help, you may report this log at:
842 error     <http://github.com/isaacs/npm/issues>
842 error or email it to:
842 error     <npm-@googlegroups.com>
843 error System Darwin 18.2.0
844 error command "/Users/shaogucheng/.nvm/v0.10.3/bin/node" "/Users/shaogucheng/.nvm/v0.10.3/bin/npm" "install"
845 error cwd /Users/shaogucheng/Desktop/code/yideng/yideng-book
846 error node -v v0.10.3
847 error npm -v 1.2.17
848 verbose exit [ 1, true ]
